<?xml version="1.0" encoding="UTF-8"?>
<testsuite xmlns:xsi="http://www.w3.org/2001/XMLSchema-instance" xsi:noNamespaceSchemaLocation="https://maven.apache.org/surefire/maven-surefire-plugin/xsd/surefire-test-report.xsd" name="TestSuite" time="310.467" tests="44" errors="0" skipped="20" failures="4">
  <properties>
[...]
</properties>
  <testcase name="ColombiaSiteTest" classname="tests.GlobalSitesTest" time="5.988"/>
  <testcase name="SingaporeSiteTest" classname="tests.GlobalSitesTest" time="20.745">
    <failure message="Expected condition failed: waiting for url to be &quot;https://www.redbus.sg/&quot;. Current url: &quot;https://www.redbus.in/&quot; (tried for 20 second(s) with 500 milliseconds interval)&#10;Build info: version: &apos;3.141.59&apos;, revision: &apos;e82be7d358&apos;, time: &apos;2018-11-14T08:17:03&apos;&#10;System info: host: &apos;ROHANCHOUDHARY1&apos;, ip: &apos;172.18.160.1&apos;, os.name: &apos;Windows 10&apos;, os.arch: &apos;amd64&apos;, os.version: &apos;10.0&apos;, java.version: &apos;1.8.0_291&apos;&#10;Driver info: org.openqa.selenium.chrome.ChromeDriver&#10;Capabilities {acceptInsecureCerts: false, browserName: chrome, browserVersion: 91.0.4472.124, chrome: {chromedriverVersion: 91.0.4472.19 (1bf021f248676..., userDataDir: C:\Users\ROHANC~1\AppData\L...}, goog:chromeOptions: {debuggerAddress: localhost:64970}, javascriptEnabled: true, networkConnectionEnabled: false, pageLoadStrategy: normal, platform: WINDOWS, platformName: WINDOWS, proxy: Proxy(), setWindowRect: true, strictFileInteractability: false, timeouts: {implicit: 0, pageLoad: 300000, script: 30000}, unhandledPromptBehavior: dismiss and notify, webauthn:extension:largeBlob: true, webauthn:virtualAuthenticators: true}&#10;Session ID: c3735c4cc3321dfe4b128b0341bbd2c0" type="org.openqa.selenium.TimeoutException">org.openqa.selenium.TimeoutException: 
Expected condition failed: waiting for url to be "https://www.redbus.sg/". Current url: "https://www.redbus.in/" (tried for 20 second(s) with 500 milliseconds interval)
Build info: version: '3.141.59', revision: 'e82be7d358', time: '2018-11-14T08:17:03'
System info: host: 'ROHANCHOUDHARY1', ip: '172.18.160.1', os.name: 'Windows 10', os.arch: 'amd64', os.version: '10.0', java.version: '1.8.0_291'
Driver info: org.openqa.selenium.chrome.ChromeDriver
Capabilities {acceptInsecureCerts: false, browserName: chrome, browserVersion: 91.0.4472.124, chrome: {chromedriverVersion: 91.0.4472.19 (1bf021f248676..., userDataDir: C:\Users\ROHANC~1\AppData\L...}, goog:chromeOptions: {debuggerAddress: localhost:64970}, javascriptEnabled: true, networkConnectionEnabled: false, pageLoadStrategy: normal, platform: WINDOWS, platformName: WINDOWS, proxy: Proxy(), setWindowRect: true, strictFileInteractability: false, timeouts: {implicit: 0, pageLoad: 300000, script: 30000}, unhandledPromptBehavior: dismiss and notify, webauthn:extension:largeBlob: true, webauthn:virtualAuthenticators: true}
Session ID: c3735c4cc3321dfe4b128b0341bbd2c0
	at tests.GlobalSitesTest.SingaporeSiteTest(GlobalSitesTest.java:17)
</failure>
    <system-out><![CDATA[ INFO [main] (BaseTest.java:110)- ColombiaSiteTest TEST CASE EXECUTED SUCCESSFULLY.
 INFO [main] (BaseTest.java:191)- Browser closed successfully.
 INFO [main] (BaseTest.java:174)- Browser opened successfully.
 INFO [main] (BaseTest.java:183)- URL opened successfully.
]]></system-out>
    <system-err><![CDATA[Starting ChromeDriver 91.0.4472.19 (1bf021f248676a0b2ab3ee0561d83a59e424c23e-refs/branch-heads/4472@{#288}) on port 24721
Only local connections are allowed.
Please see https://chromedriver.chromium.org/security-considerations for suggestions on keeping ChromeDriver safe.
ChromeDriver was started successfully.
Jul 04, 2021 5:55:56 PM org.openqa.selenium.remote.ProtocolHandshake createSession
INFO: Detected dialect: W3C
]]></system-err>
  </testcase>
  <testcase name="privacyLinkTest" classname="tests.PrivacyLinkTest" time="3.014"/>
  <testcase name="FaqPageTest" classname="tests.FAQTest" time="2.621"/>
  <testcase name="InvalidMobileAppLink" classname="tests.AppLinkMobileTest" time="1.163"/>
  <testcase name="ValidMobileAppLink" classname="tests.AppLinkMobileTest" time="1.182">
    <failure message="expected:&lt;&gt; but was:&lt;Sorry ! please try again. We are facing issues in sending SMS&gt;" type="java.lang.AssertionError"><![CDATA[java.lang.AssertionError: expected:<> but was:<Sorry ! please try again. We are facing issues in sending SMS>
	at tests.AppLinkMobileTest.ValidMobileAppLink(AppLinkMobileTest.java:35)
]]></failure>
    <system-out><![CDATA[ INFO [main] (BaseTest.java:110)- InvalidMobileAppLink TEST CASE EXECUTED SUCCESSFULLY.
 INFO [main] (BaseTest.java:191)- Browser closed successfully.
 INFO [main] (BaseTest.java:174)- Browser opened successfully.
 INFO [main] (BaseTest.java:183)- URL opened successfully.
]]></system-out>
    <system-err><![CDATA[Starting ChromeDriver 91.0.4472.19 (1bf021f248676a0b2ab3ee0561d83a59e424c23e-refs/branch-heads/4472@{#288}) on port 10952
Only local connections are allowed.
Please see https://chromedriver.chromium.org/security-considerations for suggestions on keeping ChromeDriver safe.
ChromeDriver was started successfully.
Jul 04, 2021 5:56:46 PM org.openqa.selenium.remote.ProtocolHandshake createSession
INFO: Detected dialect: W3C
]]></system-err>
  </testcase>
  <testcase name="androidAppLink" classname="tests.RPoolAppDownloadTest" time="5.323"/>
  <testcase name="iosAppLink" classname="tests.RPoolAppDownloadTest" time="5.355"/>
  <testcase name="InvalidLogin" classname="tests.LoginTest" time="2.461"/>
  <testcase name="ValidLogin" classname="tests.LoginTest" time="1.879"/>
  <testcase name="careerHiristLink" classname="tests.CareerPageTest" time="6.92"/>
  <testcase name="careerLinkedIn" classname="tests.CareerPageTest" time="4.044"/>
  <testcase name="openBrowser" classname="tests.HomePageSearchTest" time="27.275">
    <failure message="timeout: Timed out receiving message from renderer: 19.711&#10;  (Session info: chrome=91.0.4472.124)&#10;Build info: version: &apos;3.141.59&apos;, revision: &apos;e82be7d358&apos;, time: &apos;2018-11-14T08:17:03&apos;&#10;System info: host: &apos;ROHANCHOUDHARY1&apos;, ip: &apos;172.18.160.1&apos;, os.name: &apos;Windows 10&apos;, os.arch: &apos;amd64&apos;, os.version: &apos;10.0&apos;, java.version: &apos;1.8.0_291&apos;&#10;Driver info: org.openqa.selenium.chrome.ChromeDriver&#10;Capabilities {acceptInsecureCerts: false, browserName: chrome, browserVersion: 91.0.4472.124, chrome: {chromedriverVersion: 91.0.4472.19 (1bf021f248676..., userDataDir: C:\Users\ROHANC~1\AppData\L...}, goog:chromeOptions: {debuggerAddress: localhost:56532}, javascriptEnabled: true, networkConnectionEnabled: false, pageLoadStrategy: normal, platform: WINDOWS, platformName: WINDOWS, proxy: Proxy(), setWindowRect: true, strictFileInteractability: false, timeouts: {implicit: 0, pageLoad: 300000, script: 30000}, unhandledPromptBehavior: dismiss and notify, webauthn:extension:largeBlob: true, webauthn:virtualAuthenticators: true}&#10;Session ID: 8a15ce1ee47bfeff024f727d19436493" type="org.openqa.selenium.TimeoutException">org.openqa.selenium.TimeoutException: 
timeout: Timed out receiving message from renderer: 19.711
  (Session info: chrome=91.0.4472.124)
Build info: version: '3.141.59', revision: 'e82be7d358', time: '2018-11-14T08:17:03'
System info: host: 'ROHANCHOUDHARY1', ip: '172.18.160.1', os.name: 'Windows 10', os.arch: 'amd64', os.version: '10.0', java.version: '1.8.0_291'
Driver info: org.openqa.selenium.chrome.ChromeDriver
Capabilities {acceptInsecureCerts: false, browserName: chrome, browserVersion: 91.0.4472.124, chrome: {chromedriverVersion: 91.0.4472.19 (1bf021f248676..., userDataDir: C:\Users\ROHANC~1\AppData\L...}, goog:chromeOptions: {debuggerAddress: localhost:56532}, javascriptEnabled: true, networkConnectionEnabled: false, pageLoadStrategy: normal, platform: WINDOWS, platformName: WINDOWS, proxy: Proxy(), setWindowRect: true, strictFileInteractability: false, timeouts: {implicit: 0, pageLoad: 300000, script: 30000}, unhandledPromptBehavior: dismiss and notify, webauthn:extension:largeBlob: true, webauthn:virtualAuthenticators: true}
Session ID: 8a15ce1ee47bfeff024f727d19436493
</failure>
    <system-out><![CDATA[ INFO [main] (BaseTest.java:110)- careerLinkedIn TEST CASE EXECUTED SUCCESSFULLY.
 INFO [main] (BaseTest.java:191)- Browser closed successfully.
 INFO [main] (BaseTest.java:174)- Browser opened successfully.
]]></system-out>
    <system-err><![CDATA[Starting ChromeDriver 91.0.4472.19 (1bf021f248676a0b2ab3ee0561d83a59e424c23e-refs/branch-heads/4472@{#288}) on port 44291
Only local connections are allowed.
Please see https://chromedriver.chromium.org/security-considerations for suggestions on keeping ChromeDriver safe.
ChromeDriver was started successfully.
Jul 04, 2021 5:57:52 PM org.openqa.selenium.remote.ProtocolHandshake createSession
INFO: Detected dialect: W3C
[1625401692.704][SEVERE]: Timed out receiving message from renderer: 19.711
[1625401692.706][SEVERE]: Timed out receiving message from renderer: 19.711
]]></system-err>
  </testcase>
  <testcase name="openBrowser" classname="tests.HomePageSearchTest" time="0">
    <skipped/>
  </testcase>
  <testcase name="openBrowser" classname="tests.HomePageSearchTest" time="0">
    <skipped/>
  </testcase>
  <testcase name="busTicketPageMenuTest" classname="tests.HomePageSearchTest" time="0">
    <skipped message="timeout: Timed out receiving message from renderer: 19.711&#10;  (Session info: chrome=91.0.4472.124)&#10;Build info: version: &apos;3.141.59&apos;, revision: &apos;e82be7d358&apos;, time: &apos;2018-11-14T08:17:03&apos;&#10;System info: host: &apos;ROHANCHOUDHARY1&apos;, ip: &apos;172.18.160.1&apos;, os.name: &apos;Windows 10&apos;, os.arch: &apos;amd64&apos;, os.version: &apos;10.0&apos;, java.version: &apos;1.8.0_291&apos;&#10;Driver info: org.openqa.selenium.chrome.ChromeDriver&#10;Capabilities {acceptInsecureCerts: false, browserName: chrome, browserVersion: 91.0.4472.124, chrome: {chromedriverVersion: 91.0.4472.19 (1bf021f248676..., userDataDir: C:\Users\ROHANC~1\AppData\L...}, goog:chromeOptions: {debuggerAddress: localhost:56532}, javascriptEnabled: true, networkConnectionEnabled: false, pageLoadStrategy: normal, platform: WINDOWS, platformName: WINDOWS, proxy: Proxy(), setWindowRect: true, strictFileInteractability: false, timeouts: {implicit: 0, pageLoad: 300000, script: 30000}, unhandledPromptBehavior: dismiss and notify, webauthn:extension:largeBlob: true, webauthn:virtualAuthenticators: true}&#10;Session ID: 8a15ce1ee47bfeff024f727d19436493"/>
  </testcase>
  <testcase name="Logger" classname="tests.HomePageSearchTest" time="0">
    <skipped/>
  </testcase>
  <testcase name="Logger" classname="tests.HomePageSearchTest" time="0">
    <skipped/>
  </testcase>
  <testcase name="Logger" classname="tests.HomePageSearchTest" time="0">
    <skipped/>
  </testcase>
  <testcase name="attachScreenShot" classname="tests.HomePageSearchTest" time="0">
    <skipped/>
  </testcase>
  <testcase name="attachScreenShot" classname="tests.HomePageSearchTest" time="0">
    <skipped/>
  </testcase>
  <testcase name="attachScreenShot" classname="tests.HomePageSearchTest" time="0">
    <skipped/>
  </testcase>
  <testcase name="closeBrowser" classname="tests.HomePageSearchTest" time="0">
    <skipped/>
  </testcase>
  <testcase name="closeBrowser" classname="tests.HomePageSearchTest" time="0">
    <skipped/>
  </testcase>
  <testcase name="closeBrowser" classname="tests.HomePageSearchTest" time="0">
    <skipped/>
  </testcase>
  <testcase name="intializeWebdriver" classname="tests.HomePageSearchTest" time="0">
    <skipped/>
  </testcase>
  <testcase name="intializeWebdriver" classname="tests.HomePageSearchTest" time="0">
    <skipped/>
  </testcase>
  <testcase name="homePageSearchTest" classname="tests.HomePageSearchTest" time="0">
    <skipped message="timeout: Timed out receiving message from renderer: 19.711&#10;  (Session info: chrome=91.0.4472.124)&#10;Build info: version: &apos;3.141.59&apos;, revision: &apos;e82be7d358&apos;, time: &apos;2018-11-14T08:17:03&apos;&#10;System info: host: &apos;ROHANCHOUDHARY1&apos;, ip: &apos;172.18.160.1&apos;, os.name: &apos;Windows 10&apos;, os.arch: &apos;amd64&apos;, os.version: &apos;10.0&apos;, java.version: &apos;1.8.0_291&apos;&#10;Driver info: org.openqa.selenium.chrome.ChromeDriver&#10;Capabilities {acceptInsecureCerts: false, browserName: chrome, browserVersion: 91.0.4472.124, chrome: {chromedriverVersion: 91.0.4472.19 (1bf021f248676..., userDataDir: C:\Users\ROHANC~1\AppData\L...}, goog:chromeOptions: {debuggerAddress: localhost:56532}, javascriptEnabled: true, networkConnectionEnabled: false, pageLoadStrategy: normal, platform: WINDOWS, platformName: WINDOWS, proxy: Proxy(), setWindowRect: true, strictFileInteractability: false, timeouts: {implicit: 0, pageLoad: 300000, script: 30000}, unhandledPromptBehavior: dismiss and notify, webauthn:extension:largeBlob: true, webauthn:virtualAuthenticators: true}&#10;Session ID: 8a15ce1ee47bfeff024f727d19436493"/>
  </testcase>
  <testcase name="modifySearch" classname="tests.HomePageSearchTest" time="0">
    <skipped message="timeout: Timed out receiving message from renderer: 19.711&#10;  (Session info: chrome=91.0.4472.124)&#10;Build info: version: &apos;3.141.59&apos;, revision: &apos;e82be7d358&apos;, time: &apos;2018-11-14T08:17:03&apos;&#10;System info: host: &apos;ROHANCHOUDHARY1&apos;, ip: &apos;172.18.160.1&apos;, os.name: &apos;Windows 10&apos;, os.arch: &apos;amd64&apos;, os.version: &apos;10.0&apos;, java.version: &apos;1.8.0_291&apos;&#10;Driver info: org.openqa.selenium.chrome.ChromeDriver&#10;Capabilities {acceptInsecureCerts: false, browserName: chrome, browserVersion: 91.0.4472.124, chrome: {chromedriverVersion: 91.0.4472.19 (1bf021f248676..., userDataDir: C:\Users\ROHANC~1\AppData\L...}, goog:chromeOptions: {debuggerAddress: localhost:56532}, javascriptEnabled: true, networkConnectionEnabled: false, pageLoadStrategy: normal, platform: WINDOWS, platformName: WINDOWS, proxy: Proxy(), setWindowRect: true, strictFileInteractability: false, timeouts: {implicit: 0, pageLoad: 300000, script: 30000}, unhandledPromptBehavior: dismiss and notify, webauthn:extension:largeBlob: true, webauthn:virtualAuthenticators: true}&#10;Session ID: 8a15ce1ee47bfeff024f727d19436493"/>
  </testcase>
  <testcase name="ContactUsPhone" classname="tests.ContactUsTest" time="2.437"/>
  <testcase name="openBrowser" classname="tests.ContactUsTest" time="24.9">
    <failure message="timeout: Timed out receiving message from renderer: 19.702&#10;  (Session info: chrome=91.0.4472.124)&#10;Build info: version: &apos;3.141.59&apos;, revision: &apos;e82be7d358&apos;, time: &apos;2018-11-14T08:17:03&apos;&#10;System info: host: &apos;ROHANCHOUDHARY1&apos;, ip: &apos;172.18.160.1&apos;, os.name: &apos;Windows 10&apos;, os.arch: &apos;amd64&apos;, os.version: &apos;10.0&apos;, java.version: &apos;1.8.0_291&apos;&#10;Driver info: org.openqa.selenium.chrome.ChromeDriver&#10;Capabilities {acceptInsecureCerts: false, browserName: chrome, browserVersion: 91.0.4472.124, chrome: {chromedriverVersion: 91.0.4472.19 (1bf021f248676..., userDataDir: C:\Users\ROHANC~1\AppData\L...}, goog:chromeOptions: {debuggerAddress: localhost:54530}, javascriptEnabled: true, networkConnectionEnabled: false, pageLoadStrategy: normal, platform: WINDOWS, platformName: WINDOWS, proxy: Proxy(), setWindowRect: true, strictFileInteractability: false, timeouts: {implicit: 0, pageLoad: 300000, script: 30000}, unhandledPromptBehavior: dismiss and notify, webauthn:extension:largeBlob: true, webauthn:virtualAuthenticators: true}&#10;Session ID: 25f74d16344128460613bd4f9783573e" type="org.openqa.selenium.TimeoutException">org.openqa.selenium.TimeoutException: 
timeout: Timed out receiving message from renderer: 19.702
  (Session info: chrome=91.0.4472.124)
Build info: version: '3.141.59', revision: 'e82be7d358', time: '2018-11-14T08:17:03'
System info: host: 'ROHANCHOUDHARY1', ip: '172.18.160.1', os.name: 'Windows 10', os.arch: 'amd64', os.version: '10.0', java.version: '1.8.0_291'
Driver info: org.openqa.selenium.chrome.ChromeDriver
Capabilities {acceptInsecureCerts: false, browserName: chrome, browserVersion: 91.0.4472.124, chrome: {chromedriverVersion: 91.0.4472.19 (1bf021f248676..., userDataDir: C:\Users\ROHANC~1\AppData\L...}, goog:chromeOptions: {debuggerAddress: localhost:54530}, javascriptEnabled: true, networkConnectionEnabled: false, pageLoadStrategy: normal, platform: WINDOWS, platformName: WINDOWS, proxy: Proxy(), setWindowRect: true, strictFileInteractability: false, timeouts: {implicit: 0, pageLoad: 300000, script: 30000}, unhandledPromptBehavior: dismiss and notify, webauthn:extension:largeBlob: true, webauthn:virtualAuthenticators: true}
Session ID: 25f74d16344128460613bd4f9783573e
</failure>
    <system-out><![CDATA[ INFO [main] (BaseTest.java:110)- ContactUsPhone TEST CASE EXECUTED SUCCESSFULLY.
 INFO [main] (BaseTest.java:191)- Browser closed successfully.
 INFO [main] (BaseTest.java:174)- Browser opened successfully.
]]></system-out>
    <system-err><![CDATA[Starting ChromeDriver 91.0.4472.19 (1bf021f248676a0b2ab3ee0561d83a59e424c23e-refs/branch-heads/4472@{#288}) on port 21619
Only local connections are allowed.
Please see https://chromedriver.chromium.org/security-considerations for suggestions on keeping ChromeDriver safe.
ChromeDriver was started successfully.
Jul 04, 2021 5:58:21 PM org.openqa.selenium.remote.ProtocolHandshake createSession
INFO: Detected dialect: W3C
[1625401721.921][SEVERE]: Timed out receiving message from renderer: 19.702
[1625401721.922][SEVERE]: Timed out receiving message from renderer: 19.702
]]></system-err>
  </testcase>
  <testcase name="Support" classname="tests.ContactUsTest" time="0">
    <skipped message="timeout: Timed out receiving message from renderer: 19.702&#10;  (Session info: chrome=91.0.4472.124)&#10;Build info: version: &apos;3.141.59&apos;, revision: &apos;e82be7d358&apos;, time: &apos;2018-11-14T08:17:03&apos;&#10;System info: host: &apos;ROHANCHOUDHARY1&apos;, ip: &apos;172.18.160.1&apos;, os.name: &apos;Windows 10&apos;, os.arch: &apos;amd64&apos;, os.version: &apos;10.0&apos;, java.version: &apos;1.8.0_291&apos;&#10;Driver info: org.openqa.selenium.chrome.ChromeDriver&#10;Capabilities {acceptInsecureCerts: false, browserName: chrome, browserVersion: 91.0.4472.124, chrome: {chromedriverVersion: 91.0.4472.19 (1bf021f248676..., userDataDir: C:\Users\ROHANC~1\AppData\L...}, goog:chromeOptions: {debuggerAddress: localhost:54530}, javascriptEnabled: true, networkConnectionEnabled: false, pageLoadStrategy: normal, platform: WINDOWS, platformName: WINDOWS, proxy: Proxy(), setWindowRect: true, strictFileInteractability: false, timeouts: {implicit: 0, pageLoad: 300000, script: 30000}, unhandledPromptBehavior: dismiss and notify, webauthn:extension:largeBlob: true, webauthn:virtualAuthenticators: true}&#10;Session ID: 25f74d16344128460613bd4f9783573e"/>
  </testcase>
  <testcase name="Logger" classname="tests.ContactUsTest" time="0">
    <skipped/>
  </testcase>
  <testcase name="attachScreenShot" classname="tests.ContactUsTest" time="0">
    <skipped/>
  </testcase>
  <testcase name="closeBrowser" classname="tests.ContactUsTest" time="0">
    <skipped/>
  </testcase>
  <testcase name="InvalidAgentRegistrationTest" classname="tests.AgentRegistrationTest" time="6.956"/>
  <testcase name="InvalidCancelTicket" classname="tests.ManageBookingTest" time="3.288"/>
  <testcase name="InvalidEmailSms" classname="tests.ManageBookingTest" time="3.753"/>
  <testcase name="InvalidShowMyTicket" classname="tests.ManageBookingTest" time="3.579"/>
  <testcase name="InvalidchangeTravelDate" classname="tests.ManageBookingTest" time="3.197"/>
  <testcase name="OperatorSearchBus" classname="tests.OperatorSearch" time="13.859"/>
  <testcase name="OperatorSearchBusDifferentName" classname="tests.OperatorSearch" time="12.402"/>
  <testcase name="fbCheck" classname="tests.SocialMediaTest" time="6.135"/>
  <testcase name="twitterCheck" classname="tests.SocialMediaTest" time="3.143"/>
</testsuite>