<?xml version="1.0" encoding="UTF-8"?>
<testng-results skipped="4" failed="2" ignored="24" total="50" passed="20">
  <reporter-output>
  </reporter-output>
  <suite name="Suite" duration-ms="307383" started-at="2021-07-04T12:25:39Z" finished-at="2021-07-04T12:30:46Z">
    <groups>
      <group name="mobLink">
        <method signature="AppLinkMobileTest.InvalidMobileAppLink()[pri:0, instance:tests.AppLinkMobileTest@161479c6]" name="InvalidMobileAppLink" class="tests.AppLinkMobileTest"/>
        <method signature="AppLinkMobileTest.ValidMobileAppLink()[pri:0, instance:tests.AppLinkMobileTest@161479c6]" name="ValidMobileAppLink" class="tests.AppLinkMobileTest"/>
      </group> <!-- mobLink -->
      <group name="agent">
        <method signature="AgentRegistrationTest.InvalidAgentRegistrationTest()[pri:0, instance:tests.AgentRegistrationTest@670002]" name="InvalidAgentRegistrationTest" class="tests.AgentRegistrationTest"/>
      </group> <!-- agent -->
      <group name="career">
        <method signature="CareerPageTest.careerHiristLink()[pri:0, instance:tests.CareerPageTest@1e802ef9]" name="careerHiristLink" class="tests.CareerPageTest"/>
        <method signature="CareerPageTest.careerLinkedIn()[pri:0, instance:tests.CareerPageTest@1e802ef9]" name="careerLinkedIn" class="tests.CareerPageTest"/>
      </group> <!-- career -->
      <group name="search">
        <method signature="HomePageSearchTest.busTicketPageMenuTest()[pri:0, instance:tests.HomePageSearchTest@2b6faea6]" name="busTicketPageMenuTest" class="tests.HomePageSearchTest"/>
        <method signature="HomePageSearchTest.homePageSearchTest()[pri:0, instance:tests.HomePageSearchTest@2b6faea6]" name="homePageSearchTest" class="tests.HomePageSearchTest"/>
        <method signature="HomePageSearchTest.modifySearch()[pri:0, instance:tests.HomePageSearchTest@2b6faea6]" name="modifySearch" class="tests.HomePageSearchTest"/>
        <method signature="OperatorSearch.OperatorSearchBus()[pri:0, instance:tests.OperatorSearch@49c386c8]" name="OperatorSearchBus" class="tests.OperatorSearch"/>
        <method signature="OperatorSearch.OperatorSearchBusDifferentName()[pri:0, instance:tests.OperatorSearch@49c386c8]" name="OperatorSearchBusDifferentName" class="tests.OperatorSearch"/>
      </group> <!-- search -->
      <group name="rPool">
        <method signature="RPoolAppDownloadTest.androidAppLink()[pri:0, instance:tests.RPoolAppDownloadTest@4313f5bc]" name="androidAppLink" class="tests.RPoolAppDownloadTest"/>
        <method signature="RPoolAppDownloadTest.iosAppLink()[pri:0, instance:tests.RPoolAppDownloadTest@4313f5bc]" name="iosAppLink" class="tests.RPoolAppDownloadTest"/>
      </group> <!-- rPool -->
      <group name="social">
        <method signature="SocialMediaTest.fbCheck()[pri:0, instance:tests.SocialMediaTest@56528192]" name="fbCheck" class="tests.SocialMediaTest"/>
        <method signature="SocialMediaTest.twitterCheck()[pri:0, instance:tests.SocialMediaTest@56528192]" name="twitterCheck" class="tests.SocialMediaTest"/>
      </group> <!-- social -->
      <group name="contact">
        <method signature="ContactUsTest.ContactUsPhone()[pri:0, instance:tests.ContactUsTest@778d1062]" name="ContactUsPhone" class="tests.ContactUsTest"/>
        <method signature="ContactUsTest.Support()[pri:0, instance:tests.ContactUsTest@778d1062]" name="Support" class="tests.ContactUsTest"/>
      </group> <!-- contact -->
      <group name="faq">
        <method signature="FAQTest.FaqPageTest()[pri:0, instance:tests.FAQTest@75329a49]" name="FaqPageTest" class="tests.FAQTest"/>
      </group> <!-- faq -->
      <group name="manage_booking">
        <method signature="ManageBookingTest.InvalidCancelTicket()[pri:0, instance:tests.ManageBookingTest@1f0f1111]" name="InvalidCancelTicket" class="tests.ManageBookingTest"/>
        <method signature="ManageBookingTest.InvalidEmailSms()[pri:0, instance:tests.ManageBookingTest@1f0f1111]" name="InvalidEmailSms" class="tests.ManageBookingTest"/>
        <method signature="ManageBookingTest.InvalidShowMyTicket()[pri:0, instance:tests.ManageBookingTest@1f0f1111]" name="InvalidShowMyTicket" class="tests.ManageBookingTest"/>
        <method signature="ManageBookingTest.InvalidchangeTravelDate()[pri:0, instance:tests.ManageBookingTest@1f0f1111]" name="InvalidchangeTravelDate" class="tests.ManageBookingTest"/>
      </group> <!-- manage_booking -->
      <group name="privacy">
        <method signature="PrivacyLinkTest.privacyLinkTest()[pri:0, instance:tests.PrivacyLinkTest@6d2a209c]" name="privacyLinkTest" class="tests.PrivacyLinkTest"/>
      </group> <!-- privacy -->
      <group name="global">
        <method signature="GlobalSitesTest.ColombiaSiteTest()[pri:0, instance:tests.GlobalSitesTest@5e316c74]" name="ColombiaSiteTest" class="tests.GlobalSitesTest"/>
        <method signature="GlobalSitesTest.SingaporeSiteTest()[pri:0, instance:tests.GlobalSitesTest@5e316c74]" name="SingaporeSiteTest" class="tests.GlobalSitesTest"/>
      </group> <!-- global -->
      <group name="login">
        <method signature="LoginTest.InvalidLogin()[pri:0, instance:tests.LoginTest@7f010382]" name="InvalidLogin" class="tests.LoginTest"/>
        <method signature="LoginTest.ValidLogin()[pri:0, instance:tests.LoginTest@7f010382]" name="ValidLogin" class="tests.LoginTest"/>
      </group> <!-- login -->
    </groups>
    <test name="Test" duration-ms="307383" started-at="2021-07-04T12:25:39Z" finished-at="2021-07-04T12:30:46Z">
      <class name="tests.LoginTest">
        <test-method status="PASS" signature="intializeWebdriver()[pri:0, instance:tests.LoginTest@7f010382]" name="intializeWebdriver" is-config="true" duration-ms="1341" started-at="2021-07-04T12:27:13Z" finished-at="2021-07-04T12:27:15Z">
          <reporter-output>
          </reporter-output>
        </test-method> <!-- intializeWebdriver -->
        <test-method status="PASS" signature="openBrowser()[pri:0, instance:tests.LoginTest@7f010382]" name="openBrowser" is-config="true" duration-ms="2559" started-at="2021-07-04T12:27:15Z" finished-at="2021-07-04T12:27:17Z">
          <reporter-output>
          </reporter-output>
        </test-method> <!-- openBrowser -->
        <test-method status="PASS" signature="InvalidLogin()[pri:0, instance:tests.LoginTest@7f010382]" name="InvalidLogin" duration-ms="2469" started-at="2021-07-04T12:27:17Z" finished-at="2021-07-04T12:27:20Z">
          <reporter-output>
          </reporter-output>
        </test-method> <!-- InvalidLogin -->
        <test-method status="PASS" signature="Logger(org.testng.ITestResult)[pri:0, instance:tests.LoginTest@7f010382]" name="Logger" is-config="true" duration-ms="1" started-at="2021-07-04T12:27:20Z" finished-at="2021-07-04T12:27:20Z">
          <params>
            <param index="0">
              <value>
                <![CDATA[[TestResult name=InvalidLogin status=SUCCESS method=LoginTest.InvalidLogin()[pri:0, instance:tests.LoginTest@7f010382] output={null}]]]>
              </value>
            </param>
          </params>
          <reporter-output>
          </reporter-output>
        </test-method> <!-- Logger -->
        <test-method status="PASS" signature="attachScreenShot(org.testng.ITestResult)[pri:0, instance:tests.LoginTest@7f010382]" name="attachScreenShot" is-config="true" duration-ms="1" started-at="2021-07-04T12:27:20Z" finished-at="2021-07-04T12:27:20Z">
          <params>
            <param index="0">
              <value>
                <![CDATA[[TestResult name=InvalidLogin status=SUCCESS method=LoginTest.InvalidLogin()[pri:0, instance:tests.LoginTest@7f010382] output={null}]]]>
              </value>
            </param>
          </params>
          <reporter-output>
          </reporter-output>
        </test-method> <!-- attachScreenShot -->
        <test-method status="PASS" signature="closeBrowser()[pri:0, instance:tests.LoginTest@7f010382]" name="closeBrowser" is-config="true" duration-ms="1427" started-at="2021-07-04T12:27:20Z" finished-at="2021-07-04T12:27:21Z">
          <reporter-output>
          </reporter-output>
        </test-method> <!-- closeBrowser -->
        <test-method status="PASS" signature="intializeWebdriver()[pri:0, instance:tests.LoginTest@7f010382]" name="intializeWebdriver" is-config="true" duration-ms="1327" started-at="2021-07-04T12:27:21Z" finished-at="2021-07-04T12:27:22Z">
          <reporter-output>
          </reporter-output>
        </test-method> <!-- intializeWebdriver -->
        <test-method status="PASS" signature="openBrowser()[pri:0, instance:tests.LoginTest@7f010382]" name="openBrowser" is-config="true" duration-ms="2578" started-at="2021-07-04T12:27:22Z" finished-at="2021-07-04T12:27:25Z">
          <reporter-output>
          </reporter-output>
        </test-method> <!-- openBrowser -->
        <test-method status="PASS" signature="ValidLogin()[pri:0, instance:tests.LoginTest@7f010382]" name="ValidLogin" duration-ms="1883" started-at="2021-07-04T12:27:25Z" finished-at="2021-07-04T12:27:27Z">
          <reporter-output>
          </reporter-output>
        </test-method> <!-- ValidLogin -->
        <test-method status="PASS" signature="Logger(org.testng.ITestResult)[pri:0, instance:tests.LoginTest@7f010382]" name="Logger" is-config="true" duration-ms="1" started-at="2021-07-04T12:27:27Z" finished-at="2021-07-04T12:27:27Z">
          <params>
            <param index="0">
              <value>
                <![CDATA[[TestResult name=ValidLogin status=SUCCESS method=LoginTest.ValidLogin()[pri:0, instance:tests.LoginTest@7f010382] output={null}]]]>
              </value>
            </param>
          </params>
          <reporter-output>
          </reporter-output>
        </test-method> <!-- Logger -->
        <test-method status="PASS" signature="attachScreenShot(org.testng.ITestResult)[pri:0, instance:tests.LoginTest@7f010382]" name="attachScreenShot" is-config="true" duration-ms="0" started-at="2021-07-04T12:27:27Z" finished-at="2021-07-04T12:27:27Z">
          <params>
            <param index="0">
              <value>
                <![CDATA[[TestResult name=ValidLogin status=SUCCESS method=LoginTest.ValidLogin()[pri:0, instance:tests.LoginTest@7f010382] output={null}]]]>
              </value>
            </param>
          </params>
          <reporter-output>
          </reporter-output>
        </test-method> <!-- attachScreenShot -->
        <test-method status="PASS" signature="closeBrowser()[pri:0, instance:tests.LoginTest@7f010382]" name="closeBrowser" is-config="true" duration-ms="1417" started-at="2021-07-04T12:27:27Z" finished-at="2021-07-04T12:27:28Z">
          <reporter-output>
          </reporter-output>
        </test-method> <!-- closeBrowser -->
      </class> <!-- tests.LoginTest -->
      <class name="tests.HomePageSearchTest">
        <test-method status="PASS" signature="intializeWebdriver()[pri:0, instance:tests.HomePageSearchTest@2b6faea6]" name="intializeWebdriver" is-config="true" duration-ms="1374" started-at="2021-07-04T12:27:51Z" finished-at="2021-07-04T12:27:52Z">
          <reporter-output>
          </reporter-output>
        </test-method> <!-- intializeWebdriver -->
        <test-method status="FAIL" signature="openBrowser()[pri:0, instance:tests.HomePageSearchTest@2b6faea6]" name="openBrowser" is-config="true" duration-ms="20042" started-at="2021-07-04T12:27:52Z" finished-at="2021-07-04T12:28:12Z">
          <exception class="org.openqa.selenium.TimeoutException">
            <message>
              <![CDATA[timeout: Timed out receiving message from renderer: 19.711
  (Session info: chrome=91.0.4472.124)
Build info: version: '3.141.59', revision: 'e82be7d358', time: '2018-11-14T08:17:03'
System info: host: 'ROHANCHOUDHARY1', ip: '172.18.160.1', os.name: 'Windows 10', os.arch: 'amd64', os.version: '10.0', java.version: '1.8.0_291'
Driver info: org.openqa.selenium.chrome.ChromeDriver
Capabilities {acceptInsecureCerts: false, browserName: chrome, browserVersion: 91.0.4472.124, chrome: {chromedriverVersion: 91.0.4472.19 (1bf021f248676..., userDataDir: C:\Users\ROHANC~1\AppData\L...}, goog:chromeOptions: {debuggerAddress: localhost:56532}, javascriptEnabled: true, networkConnectionEnabled: false, pageLoadStrategy: normal, platform: WINDOWS, platformName: WINDOWS, proxy: Proxy(), setWindowRect: true, strictFileInteractability: false, timeouts: {implicit: 0, pageLoad: 300000, script: 30000}, unhandledPromptBehavior: dismiss and notify, webauthn:extension:largeBlob: true, webauthn:virtualAuthenticators: true}
Session ID: 8a15ce1ee47bfeff024f727d19436493]]>
            </message>
            <full-stacktrace>
              <![CDATA[org.openqa.selenium.TimeoutException: timeout: Timed out receiving message from renderer: 19.711
  (Session info: chrome=91.0.4472.124)
Build info: version: '3.141.59', revision: 'e82be7d358', time: '2018-11-14T08:17:03'
System info: host: 'ROHANCHOUDHARY1', ip: '172.18.160.1', os.name: 'Windows 10', os.arch: 'amd64', os.version: '10.0', java.version: '1.8.0_291'
Driver info: org.openqa.selenium.chrome.ChromeDriver
Capabilities {acceptInsecureCerts: false, browserName: chrome, browserVersion: 91.0.4472.124, chrome: {chromedriverVersion: 91.0.4472.19 (1bf021f248676..., userDataDir: C:\Users\ROHANC~1\AppData\L...}, goog:chromeOptions: {debuggerAddress: localhost:56532}, javascriptEnabled: true, networkConnectionEnabled: false, pageLoadStrategy: normal, platform: WINDOWS, platformName: WINDOWS, proxy: Proxy(), setWindowRect: true, strictFileInteractability: false, timeouts: {implicit: 0, pageLoad: 300000, script: 30000}, unhandledPromptBehavior: dismiss and notify, webauthn:extension:largeBlob: true, webauthn:virtualAuthenticators: true}
Session ID: 8a15ce1ee47bfeff024f727d19436493
at sun.reflect.NativeConstructorAccessorImpl.newInstance0(Native Method)
at sun.reflect.NativeConstructorAccessorImpl.newInstance(NativeConstructorAccessorImpl.java:62)
at sun.reflect.DelegatingConstructorAccessorImpl.newInstance(DelegatingConstructorAccessorImpl.java:45)
at java.lang.reflect.Constructor.newInstance(Constructor.java:423)
at org.openqa.selenium.remote.http.W3CHttpResponseCodec.createException(W3CHttpResponseCodec.java:187)
at org.openqa.selenium.remote.http.W3CHttpResponseCodec.decode(W3CHttpResponseCodec.java:122)
at org.openqa.selenium.remote.http.W3CHttpResponseCodec.decode(W3CHttpResponseCodec.java:49)
at org.openqa.selenium.remote.HttpCommandExecutor.execute(HttpCommandExecutor.java:158)
at org.openqa.selenium.remote.service.DriverCommandExecutor.execute(DriverCommandExecutor.java:83)
at org.openqa.selenium.remote.RemoteWebDriver.execute(RemoteWebDriver.java:552)
at org.openqa.selenium.remote.RemoteWebDriver.get(RemoteWebDriver.java:277)
at tests.BaseTest.openBrowser(BaseTest.java:181)
at sun.reflect.NativeMethodAccessorImpl.invoke0(Native Method)
at sun.reflect.NativeMethodAccessorImpl.invoke(NativeMethodAccessorImpl.java:62)
at sun.reflect.DelegatingMethodAccessorImpl.invoke(DelegatingMethodAccessorImpl.java:43)
at java.lang.reflect.Method.invoke(Method.java:498)
at org.testng.internal.MethodInvocationHelper.invokeMethod(MethodInvocationHelper.java:124)
at org.testng.internal.MethodInvocationHelper.invokeMethodConsideringTimeout(MethodInvocationHelper.java:59)
at org.testng.internal.Invoker.invokeConfigurationMethod(Invoker.java:458)
at org.testng.internal.Invoker.invokeConfigurations(Invoker.java:222)
at org.testng.internal.Invoker.invokeMethod(Invoker.java:523)
at org.testng.internal.Invoker.invokeTestMethod(Invoker.java:719)
at org.testng.internal.Invoker.invokeTestMethods(Invoker.java:989)
at org.testng.internal.TestMethodWorker.invokeTestMethods(TestMethodWorker.java:125)
at org.testng.internal.TestMethodWorker.run(TestMethodWorker.java:109)
at org.testng.TestRunner.privateRun(TestRunner.java:648)
at org.testng.TestRunner.run(TestRunner.java:505)
at org.testng.SuiteRunner.runTest(SuiteRunner.java:455)
at org.testng.SuiteRunner.runSequentially(SuiteRunner.java:450)
at org.testng.SuiteRunner.privateRun(SuiteRunner.java:415)
at org.testng.SuiteRunner.run(SuiteRunner.java:364)
at org.testng.SuiteRunnerWorker.runSuite(SuiteRunnerWorker.java:52)
at org.testng.SuiteRunnerWorker.run(SuiteRunnerWorker.java:84)
at org.testng.TestNG.runSuitesSequentially(TestNG.java:1208)
at org.testng.TestNG.runSuitesLocally(TestNG.java:1137)
at org.testng.TestNG.runSuites(TestNG.java:1049)
at org.testng.TestNG.run(TestNG.java:1017)
at org.apache.maven.surefire.testng.TestNGExecutor.run(TestNGExecutor.java:283)
at org.apache.maven.surefire.testng.TestNGXmlTestSuite.execute(TestNGXmlTestSuite.java:75)
at org.apache.maven.surefire.testng.TestNGProvider.invoke(TestNGProvider.java:120)
at org.apache.maven.surefire.booter.ForkedBooter.invokeProviderInSameClassLoader(ForkedBooter.java:384)
at org.apache.maven.surefire.booter.ForkedBooter.runSuitesInProcess(ForkedBooter.java:345)
at org.apache.maven.surefire.booter.ForkedBooter.execute(ForkedBooter.java:126)
at org.apache.maven.surefire.booter.ForkedBooter.main(ForkedBooter.java:418)
]]>
            </full-stacktrace>
          </exception> <!-- org.openqa.selenium.TimeoutException -->
          <reporter-output>
          </reporter-output>
        </test-method> <!-- openBrowser -->
        <test-method status="SKIP" signature="busTicketPageMenuTest()[pri:0, instance:tests.HomePageSearchTest@2b6faea6]" name="busTicketPageMenuTest" duration-ms="0" started-at="2021-07-04T12:28:12Z" finished-at="2021-07-04T12:28:12Z">
          <exception class="org.openqa.selenium.TimeoutException">
            <message>
              <![CDATA[timeout: Timed out receiving message from renderer: 19.711
  (Session info: chrome=91.0.4472.124)
Build info: version: '3.141.59', revision: 'e82be7d358', time: '2018-11-14T08:17:03'
System info: host: 'ROHANCHOUDHARY1', ip: '172.18.160.1', os.name: 'Windows 10', os.arch: 'amd64', os.version: '10.0', java.version: '1.8.0_291'
Driver info: org.openqa.selenium.chrome.ChromeDriver
Capabilities {acceptInsecureCerts: false, browserName: chrome, browserVersion: 91.0.4472.124, chrome: {chromedriverVersion: 91.0.4472.19 (1bf021f248676..., userDataDir: C:\Users\ROHANC~1\AppData\L...}, goog:chromeOptions: {debuggerAddress: localhost:56532}, javascriptEnabled: true, networkConnectionEnabled: false, pageLoadStrategy: normal, platform: WINDOWS, platformName: WINDOWS, proxy: Proxy(), setWindowRect: true, strictFileInteractability: false, timeouts: {implicit: 0, pageLoad: 300000, script: 30000}, unhandledPromptBehavior: dismiss and notify, webauthn:extension:largeBlob: true, webauthn:virtualAuthenticators: true}
Session ID: 8a15ce1ee47bfeff024f727d19436493]]>
            </message>
            <full-stacktrace>
              <![CDATA[org.openqa.selenium.TimeoutException: timeout: Timed out receiving message from renderer: 19.711
  (Session info: chrome=91.0.4472.124)
Build info: version: '3.141.59', revision: 'e82be7d358', time: '2018-11-14T08:17:03'
System info: host: 'ROHANCHOUDHARY1', ip: '172.18.160.1', os.name: 'Windows 10', os.arch: 'amd64', os.version: '10.0', java.version: '1.8.0_291'
Driver info: org.openqa.selenium.chrome.ChromeDriver
Capabilities {acceptInsecureCerts: false, browserName: chrome, browserVersion: 91.0.4472.124, chrome: {chromedriverVersion: 91.0.4472.19 (1bf021f248676..., userDataDir: C:\Users\ROHANC~1\AppData\L...}, goog:chromeOptions: {debuggerAddress: localhost:56532}, javascriptEnabled: true, networkConnectionEnabled: false, pageLoadStrategy: normal, platform: WINDOWS, platformName: WINDOWS, proxy: Proxy(), setWindowRect: true, strictFileInteractability: false, timeouts: {implicit: 0, pageLoad: 300000, script: 30000}, unhandledPromptBehavior: dismiss and notify, webauthn:extension:largeBlob: true, webauthn:virtualAuthenticators: true}
Session ID: 8a15ce1ee47bfeff024f727d19436493
at sun.reflect.NativeConstructorAccessorImpl.newInstance0(Native Method)
at sun.reflect.NativeConstructorAccessorImpl.newInstance(NativeConstructorAccessorImpl.java:62)
at sun.reflect.DelegatingConstructorAccessorImpl.newInstance(DelegatingConstructorAccessorImpl.java:45)
at java.lang.reflect.Constructor.newInstance(Constructor.java:423)
at org.openqa.selenium.remote.http.W3CHttpResponseCodec.createException(W3CHttpResponseCodec.java:187)
at org.openqa.selenium.remote.http.W3CHttpResponseCodec.decode(W3CHttpResponseCodec.java:122)
at org.openqa.selenium.remote.http.W3CHttpResponseCodec.decode(W3CHttpResponseCodec.java:49)
at org.openqa.selenium.remote.HttpCommandExecutor.execute(HttpCommandExecutor.java:158)
at org.openqa.selenium.remote.service.DriverCommandExecutor.execute(DriverCommandExecutor.java:83)
at org.openqa.selenium.remote.RemoteWebDriver.execute(RemoteWebDriver.java:552)
at org.openqa.selenium.remote.RemoteWebDriver.get(RemoteWebDriver.java:277)
at tests.BaseTest.openBrowser(BaseTest.java:181)
at sun.reflect.NativeMethodAccessorImpl.invoke0(Native Method)
at sun.reflect.NativeMethodAccessorImpl.invoke(NativeMethodAccessorImpl.java:62)
at sun.reflect.DelegatingMethodAccessorImpl.invoke(DelegatingMethodAccessorImpl.java:43)
at java.lang.reflect.Method.invoke(Method.java:498)
at org.testng.internal.MethodInvocationHelper.invokeMethod(MethodInvocationHelper.java:124)
at org.testng.internal.MethodInvocationHelper.invokeMethodConsideringTimeout(MethodInvocationHelper.java:59)
at org.testng.internal.Invoker.invokeConfigurationMethod(Invoker.java:458)
at org.testng.internal.Invoker.invokeConfigurations(Invoker.java:222)
at org.testng.internal.Invoker.invokeMethod(Invoker.java:523)
at org.testng.internal.Invoker.invokeTestMethod(Invoker.java:719)
at org.testng.internal.Invoker.invokeTestMethods(Invoker.java:989)
at org.testng.internal.TestMethodWorker.invokeTestMethods(TestMethodWorker.java:125)
at org.testng.internal.TestMethodWorker.run(TestMethodWorker.java:109)
at org.testng.TestRunner.privateRun(TestRunner.java:648)
at org.testng.TestRunner.run(TestRunner.java:505)
at org.testng.SuiteRunner.runTest(SuiteRunner.java:455)
at org.testng.SuiteRunner.runSequentially(SuiteRunner.java:450)
at org.testng.SuiteRunner.privateRun(SuiteRunner.java:415)
at org.testng.SuiteRunner.run(SuiteRunner.java:364)
at org.testng.SuiteRunnerWorker.runSuite(SuiteRunnerWorker.java:52)
at org.testng.SuiteRunnerWorker.run(SuiteRunnerWorker.java:84)
at org.testng.TestNG.runSuitesSequentially(TestNG.java:1208)
at org.testng.TestNG.runSuitesLocally(TestNG.java:1137)
at org.testng.TestNG.runSuites(TestNG.java:1049)
at org.testng.TestNG.run(TestNG.java:1017)
at org.apache.maven.surefire.testng.TestNGExecutor.run(TestNGExecutor.java:283)
at org.apache.maven.surefire.testng.TestNGXmlTestSuite.execute(TestNGXmlTestSuite.java:75)
at org.apache.maven.surefire.testng.TestNGProvider.invoke(TestNGProvider.java:120)
at org.apache.maven.surefire.booter.ForkedBooter.invokeProviderInSameClassLoader(ForkedBooter.java:384)
at org.apache.maven.surefire.booter.ForkedBooter.runSuitesInProcess(ForkedBooter.java:345)
at org.apache.maven.surefire.booter.ForkedBooter.execute(ForkedBooter.java:126)
at org.apache.maven.surefire.booter.ForkedBooter.main(ForkedBooter.java:418)
]]>
            </full-stacktrace>
          </exception> <!-- org.openqa.selenium.TimeoutException -->
          <reporter-output>
          </reporter-output>
        </test-method> <!-- busTicketPageMenuTest -->
        <test-method status="SKIP" signature="Logger(org.testng.ITestResult)[pri:0, instance:tests.HomePageSearchTest@2b6faea6]" name="Logger" is-config="true" duration-ms="0" started-at="2021-07-04T12:28:12Z" finished-at="2021-07-04T12:28:12Z">
          <reporter-output>
          </reporter-output>
        </test-method> <!-- Logger -->
        <test-method status="SKIP" signature="attachScreenShot(org.testng.ITestResult)[pri:0, instance:tests.HomePageSearchTest@2b6faea6]" name="attachScreenShot" is-config="true" duration-ms="0" started-at="2021-07-04T12:28:12Z" finished-at="2021-07-04T12:28:12Z">
          <reporter-output>
          </reporter-output>
        </test-method> <!-- attachScreenShot -->
        <test-method status="SKIP" signature="closeBrowser()[pri:0, instance:tests.HomePageSearchTest@2b6faea6]" name="closeBrowser" is-config="true" duration-ms="0" started-at="2021-07-04T12:28:12Z" finished-at="2021-07-04T12:28:12Z">
          <reporter-output>
          </reporter-output>
        </test-method> <!-- closeBrowser -->
        <test-method status="SKIP" signature="homePageSearchTest()[pri:0, instance:tests.HomePageSearchTest@2b6faea6]" name="homePageSearchTest" duration-ms="0" started-at="2021-07-04T12:28:12Z" finished-at="2021-07-04T12:28:12Z">
          <exception class="org.openqa.selenium.TimeoutException">
            <message>
              <![CDATA[timeout: Timed out receiving message from renderer: 19.711
  (Session info: chrome=91.0.4472.124)
Build info: version: '3.141.59', revision: 'e82be7d358', time: '2018-11-14T08:17:03'
System info: host: 'ROHANCHOUDHARY1', ip: '172.18.160.1', os.name: 'Windows 10', os.arch: 'amd64', os.version: '10.0', java.version: '1.8.0_291'
Driver info: org.openqa.selenium.chrome.ChromeDriver
Capabilities {acceptInsecureCerts: false, browserName: chrome, browserVersion: 91.0.4472.124, chrome: {chromedriverVersion: 91.0.4472.19 (1bf021f248676..., userDataDir: C:\Users\ROHANC~1\AppData\L...}, goog:chromeOptions: {debuggerAddress: localhost:56532}, javascriptEnabled: true, networkConnectionEnabled: false, pageLoadStrategy: normal, platform: WINDOWS, platformName: WINDOWS, proxy: Proxy(), setWindowRect: true, strictFileInteractability: false, timeouts: {implicit: 0, pageLoad: 300000, script: 30000}, unhandledPromptBehavior: dismiss and notify, webauthn:extension:largeBlob: true, webauthn:virtualAuthenticators: true}
Session ID: 8a15ce1ee47bfeff024f727d19436493]]>
            </message>
            <full-stacktrace>
              <![CDATA[org.openqa.selenium.TimeoutException: timeout: Timed out receiving message from renderer: 19.711
  (Session info: chrome=91.0.4472.124)
Build info: version: '3.141.59', revision: 'e82be7d358', time: '2018-11-14T08:17:03'
System info: host: 'ROHANCHOUDHARY1', ip: '172.18.160.1', os.name: 'Windows 10', os.arch: 'amd64', os.version: '10.0', java.version: '1.8.0_291'
Driver info: org.openqa.selenium.chrome.ChromeDriver
Capabilities {acceptInsecureCerts: false, browserName: chrome, browserVersion: 91.0.4472.124, chrome: {chromedriverVersion: 91.0.4472.19 (1bf021f248676..., userDataDir: C:\Users\ROHANC~1\AppData\L...}, goog:chromeOptions: {debuggerAddress: localhost:56532}, javascriptEnabled: true, networkConnectionEnabled: false, pageLoadStrategy: normal, platform: WINDOWS, platformName: WINDOWS, proxy: Proxy(), setWindowRect: true, strictFileInteractability: false, timeouts: {implicit: 0, pageLoad: 300000, script: 30000}, unhandledPromptBehavior: dismiss and notify, webauthn:extension:largeBlob: true, webauthn:virtualAuthenticators: true}
Session ID: 8a15ce1ee47bfeff024f727d19436493
at sun.reflect.NativeConstructorAccessorImpl.newInstance0(Native Method)
at sun.reflect.NativeConstructorAccessorImpl.newInstance(NativeConstructorAccessorImpl.java:62)
at sun.reflect.DelegatingConstructorAccessorImpl.newInstance(DelegatingConstructorAccessorImpl.java:45)
at java.lang.reflect.Constructor.newInstance(Constructor.java:423)
at org.openqa.selenium.remote.http.W3CHttpResponseCodec.createException(W3CHttpResponseCodec.java:187)
at org.openqa.selenium.remote.http.W3CHttpResponseCodec.decode(W3CHttpResponseCodec.java:122)
at org.openqa.selenium.remote.http.W3CHttpResponseCodec.decode(W3CHttpResponseCodec.java:49)
at org.openqa.selenium.remote.HttpCommandExecutor.execute(HttpCommandExecutor.java:158)
at org.openqa.selenium.remote.service.DriverCommandExecutor.execute(DriverCommandExecutor.java:83)
at org.openqa.selenium.remote.RemoteWebDriver.execute(RemoteWebDriver.java:552)
at org.openqa.selenium.remote.RemoteWebDriver.get(RemoteWebDriver.java:277)
at tests.BaseTest.openBrowser(BaseTest.java:181)
at sun.reflect.NativeMethodAccessorImpl.invoke0(Native Method)
at sun.reflect.NativeMethodAccessorImpl.invoke(NativeMethodAccessorImpl.java:62)
at sun.reflect.DelegatingMethodAccessorImpl.invoke(DelegatingMethodAccessorImpl.java:43)
at java.lang.reflect.Method.invoke(Method.java:498)
at org.testng.internal.MethodInvocationHelper.invokeMethod(MethodInvocationHelper.java:124)
at org.testng.internal.MethodInvocationHelper.invokeMethodConsideringTimeout(MethodInvocationHelper.java:59)
at org.testng.internal.Invoker.invokeConfigurationMethod(Invoker.java:458)
at org.testng.internal.Invoker.invokeConfigurations(Invoker.java:222)
at org.testng.internal.Invoker.invokeMethod(Invoker.java:523)
at org.testng.internal.Invoker.invokeTestMethod(Invoker.java:719)
at org.testng.internal.Invoker.invokeTestMethods(Invoker.java:989)
at org.testng.internal.TestMethodWorker.invokeTestMethods(TestMethodWorker.java:125)
at org.testng.internal.TestMethodWorker.run(TestMethodWorker.java:109)
at org.testng.TestRunner.privateRun(TestRunner.java:648)
at org.testng.TestRunner.run(TestRunner.java:505)
at org.testng.SuiteRunner.runTest(SuiteRunner.java:455)
at org.testng.SuiteRunner.runSequentially(SuiteRunner.java:450)
at org.testng.SuiteRunner.privateRun(SuiteRunner.java:415)
at org.testng.SuiteRunner.run(SuiteRunner.java:364)
at org.testng.SuiteRunnerWorker.runSuite(SuiteRunnerWorker.java:52)
at org.testng.SuiteRunnerWorker.run(SuiteRunnerWorker.java:84)
at org.testng.TestNG.runSuitesSequentially(TestNG.java:1208)
at org.testng.TestNG.runSuitesLocally(TestNG.java:1137)
at org.testng.TestNG.runSuites(TestNG.java:1049)
at org.testng.TestNG.run(TestNG.java:1017)
at org.apache.maven.surefire.testng.TestNGExecutor.run(TestNGExecutor.java:283)
at org.apache.maven.surefire.testng.TestNGXmlTestSuite.execute(TestNGXmlTestSuite.java:75)
at org.apache.maven.surefire.testng.TestNGProvider.invoke(TestNGProvider.java:120)
at org.apache.maven.surefire.booter.ForkedBooter.invokeProviderInSameClassLoader(ForkedBooter.java:384)
at org.apache.maven.surefire.booter.ForkedBooter.runSuitesInProcess(ForkedBooter.java:345)
at org.apache.maven.surefire.booter.ForkedBooter.execute(ForkedBooter.java:126)
at org.apache.maven.surefire.booter.ForkedBooter.main(ForkedBooter.java:418)
]]>
            </full-stacktrace>
          </exception> <!-- org.openqa.selenium.TimeoutException -->
          <reporter-output>
          </reporter-output>
        </test-method> <!-- homePageSearchTest -->
        <test-method status="SKIP" signature="openBrowser()[pri:0, instance:tests.HomePageSearchTest@2b6faea6]" name="openBrowser" is-config="true" duration-ms="0" started-at="2021-07-04T12:28:12Z" finished-at="2021-07-04T12:28:12Z">
          <reporter-output>
          </reporter-output>
        </test-method> <!-- openBrowser -->
        <test-method status="SKIP" signature="intializeWebdriver()[pri:0, instance:tests.HomePageSearchTest@2b6faea6]" name="intializeWebdriver" is-config="true" duration-ms="0" started-at="2021-07-04T12:28:12Z" finished-at="2021-07-04T12:28:12Z">
          <reporter-output>
          </reporter-output>
        </test-method> <!-- intializeWebdriver -->
        <test-method status="SKIP" signature="closeBrowser()[pri:0, instance:tests.HomePageSearchTest@2b6faea6]" name="closeBrowser" is-config="true" duration-ms="0" started-at="2021-07-04T12:28:12Z" finished-at="2021-07-04T12:28:12Z">
          <reporter-output>
          </reporter-output>
        </test-method> <!-- closeBrowser -->
        <test-method status="SKIP" signature="intializeWebdriver()[pri:0, instance:tests.HomePageSearchTest@2b6faea6]" name="intializeWebdriver" is-config="true" duration-ms="0" started-at="2021-07-04T12:28:12Z" finished-at="2021-07-04T12:28:12Z">
          <reporter-output>
          </reporter-output>
        </test-method> <!-- intializeWebdriver -->
        <test-method status="SKIP" signature="Logger(org.testng.ITestResult)[pri:0, instance:tests.HomePageSearchTest@2b6faea6]" name="Logger" is-config="true" duration-ms="0" started-at="2021-07-04T12:28:12Z" finished-at="2021-07-04T12:28:12Z">
          <reporter-output>
          </reporter-output>
        </test-method> <!-- Logger -->
        <test-method status="SKIP" signature="attachScreenShot(org.testng.ITestResult)[pri:0, instance:tests.HomePageSearchTest@2b6faea6]" name="attachScreenShot" is-config="true" duration-ms="0" started-at="2021-07-04T12:28:12Z" finished-at="2021-07-04T12:28:12Z">
          <reporter-output>
          </reporter-output>
        </test-method> <!-- attachScreenShot -->
        <test-method status="SKIP" signature="openBrowser()[pri:0, instance:tests.HomePageSearchTest@2b6faea6]" name="openBrowser" is-config="true" duration-ms="0" started-at="2021-07-04T12:28:12Z" finished-at="2021-07-04T12:28:12Z">
          <reporter-output>
          </reporter-output>
        </test-method> <!-- openBrowser -->
        <test-method status="SKIP" signature="attachScreenShot(org.testng.ITestResult)[pri:0, instance:tests.HomePageSearchTest@2b6faea6]" name="attachScreenShot" is-config="true" duration-ms="0" started-at="2021-07-04T12:28:12Z" finished-at="2021-07-04T12:28:12Z">
          <reporter-output>
          </reporter-output>
        </test-method> <!-- attachScreenShot -->
        <test-method status="SKIP" signature="Logger(org.testng.ITestResult)[pri:0, instance:tests.HomePageSearchTest@2b6faea6]" name="Logger" is-config="true" duration-ms="0" started-at="2021-07-04T12:28:12Z" finished-at="2021-07-04T12:28:12Z">
          <reporter-output>
          </reporter-output>
        </test-method> <!-- Logger -->
        <test-method status="SKIP" signature="modifySearch()[pri:0, instance:tests.HomePageSearchTest@2b6faea6]" name="modifySearch" duration-ms="0" started-at="2021-07-04T12:28:12Z" finished-at="2021-07-04T12:28:12Z">
          <exception class="org.openqa.selenium.TimeoutException">
            <message>
              <![CDATA[timeout: Timed out receiving message from renderer: 19.711
  (Session info: chrome=91.0.4472.124)
Build info: version: '3.141.59', revision: 'e82be7d358', time: '2018-11-14T08:17:03'
System info: host: 'ROHANCHOUDHARY1', ip: '172.18.160.1', os.name: 'Windows 10', os.arch: 'amd64', os.version: '10.0', java.version: '1.8.0_291'
Driver info: org.openqa.selenium.chrome.ChromeDriver
Capabilities {acceptInsecureCerts: false, browserName: chrome, browserVersion: 91.0.4472.124, chrome: {chromedriverVersion: 91.0.4472.19 (1bf021f248676..., userDataDir: C:\Users\ROHANC~1\AppData\L...}, goog:chromeOptions: {debuggerAddress: localhost:56532}, javascriptEnabled: true, networkConnectionEnabled: false, pageLoadStrategy: normal, platform: WINDOWS, platformName: WINDOWS, proxy: Proxy(), setWindowRect: true, strictFileInteractability: false, timeouts: {implicit: 0, pageLoad: 300000, script: 30000}, unhandledPromptBehavior: dismiss and notify, webauthn:extension:largeBlob: true, webauthn:virtualAuthenticators: true}
Session ID: 8a15ce1ee47bfeff024f727d19436493]]>
            </message>
            <full-stacktrace>
              <![CDATA[org.openqa.selenium.TimeoutException: timeout: Timed out receiving message from renderer: 19.711
  (Session info: chrome=91.0.4472.124)
Build info: version: '3.141.59', revision: 'e82be7d358', time: '2018-11-14T08:17:03'
System info: host: 'ROHANCHOUDHARY1', ip: '172.18.160.1', os.name: 'Windows 10', os.arch: 'amd64', os.version: '10.0', java.version: '1.8.0_291'
Driver info: org.openqa.selenium.chrome.ChromeDriver
Capabilities {acceptInsecureCerts: false, browserName: chrome, browserVersion: 91.0.4472.124, chrome: {chromedriverVersion: 91.0.4472.19 (1bf021f248676..., userDataDir: C:\Users\ROHANC~1\AppData\L...}, goog:chromeOptions: {debuggerAddress: localhost:56532}, javascriptEnabled: true, networkConnectionEnabled: false, pageLoadStrategy: normal, platform: WINDOWS, platformName: WINDOWS, proxy: Proxy(), setWindowRect: true, strictFileInteractability: false, timeouts: {implicit: 0, pageLoad: 300000, script: 30000}, unhandledPromptBehavior: dismiss and notify, webauthn:extension:largeBlob: true, webauthn:virtualAuthenticators: true}
Session ID: 8a15ce1ee47bfeff024f727d19436493
at sun.reflect.NativeConstructorAccessorImpl.newInstance0(Native Method)
at sun.reflect.NativeConstructorAccessorImpl.newInstance(NativeConstructorAccessorImpl.java:62)
at sun.reflect.DelegatingConstructorAccessorImpl.newInstance(DelegatingConstructorAccessorImpl.java:45)
at java.lang.reflect.Constructor.newInstance(Constructor.java:423)
at org.openqa.selenium.remote.http.W3CHttpResponseCodec.createException(W3CHttpResponseCodec.java:187)
at org.openqa.selenium.remote.http.W3CHttpResponseCodec.decode(W3CHttpResponseCodec.java:122)
at org.openqa.selenium.remote.http.W3CHttpResponseCodec.decode(W3CHttpResponseCodec.java:49)
at org.openqa.selenium.remote.HttpCommandExecutor.execute(HttpCommandExecutor.java:158)
at org.openqa.selenium.remote.service.DriverCommandExecutor.execute(DriverCommandExecutor.java:83)
at org.openqa.selenium.remote.RemoteWebDriver.execute(RemoteWebDriver.java:552)
at org.openqa.selenium.remote.RemoteWebDriver.get(RemoteWebDriver.java:277)
at tests.BaseTest.openBrowser(BaseTest.java:181)
at sun.reflect.NativeMethodAccessorImpl.invoke0(Native Method)
at sun.reflect.NativeMethodAccessorImpl.invoke(NativeMethodAccessorImpl.java:62)
at sun.reflect.DelegatingMethodAccessorImpl.invoke(DelegatingMethodAccessorImpl.java:43)
at java.lang.reflect.Method.invoke(Method.java:498)
at org.testng.internal.MethodInvocationHelper.invokeMethod(MethodInvocationHelper.java:124)
at org.testng.internal.MethodInvocationHelper.invokeMethodConsideringTimeout(MethodInvocationHelper.java:59)
at org.testng.internal.Invoker.invokeConfigurationMethod(Invoker.java:458)
at org.testng.internal.Invoker.invokeConfigurations(Invoker.java:222)
at org.testng.internal.Invoker.invokeMethod(Invoker.java:523)
at org.testng.internal.Invoker.invokeTestMethod(Invoker.java:719)
at org.testng.internal.Invoker.invokeTestMethods(Invoker.java:989)
at org.testng.internal.TestMethodWorker.invokeTestMethods(TestMethodWorker.java:125)
at org.testng.internal.TestMethodWorker.run(TestMethodWorker.java:109)
at org.testng.TestRunner.privateRun(TestRunner.java:648)
at org.testng.TestRunner.run(TestRunner.java:505)
at org.testng.SuiteRunner.runTest(SuiteRunner.java:455)
at org.testng.SuiteRunner.runSequentially(SuiteRunner.java:450)
at org.testng.SuiteRunner.privateRun(SuiteRunner.java:415)
at org.testng.SuiteRunner.run(SuiteRunner.java:364)
at org.testng.SuiteRunnerWorker.runSuite(SuiteRunnerWorker.java:52)
at org.testng.SuiteRunnerWorker.run(SuiteRunnerWorker.java:84)
at org.testng.TestNG.runSuitesSequentially(TestNG.java:1208)
at org.testng.TestNG.runSuitesLocally(TestNG.java:1137)
at org.testng.TestNG.runSuites(TestNG.java:1049)
at org.testng.TestNG.run(TestNG.java:1017)
at org.apache.maven.surefire.testng.TestNGExecutor.run(TestNGExecutor.java:283)
at org.apache.maven.surefire.testng.TestNGXmlTestSuite.execute(TestNGXmlTestSuite.java:75)
at org.apache.maven.surefire.testng.TestNGProvider.invoke(TestNGProvider.java:120)
at org.apache.maven.surefire.booter.ForkedBooter.invokeProviderInSameClassLoader(ForkedBooter.java:384)
at org.apache.maven.surefire.booter.ForkedBooter.runSuitesInProcess(ForkedBooter.java:345)
at org.apache.maven.surefire.booter.ForkedBooter.execute(ForkedBooter.java:126)
at org.apache.maven.surefire.booter.ForkedBooter.main(ForkedBooter.java:418)
]]>
            </full-stacktrace>
          </exception> <!-- org.openqa.selenium.TimeoutException -->
          <reporter-output>
          </reporter-output>
        </test-method> <!-- modifySearch -->
        <test-method status="SKIP" signature="closeBrowser()[pri:0, instance:tests.HomePageSearchTest@2b6faea6]" name="closeBrowser" is-config="true" duration-ms="0" started-at="2021-07-04T12:28:12Z" finished-at="2021-07-04T12:28:12Z">
          <reporter-output>
          </reporter-output>
        </test-method> <!-- closeBrowser -->
      </class> <!-- tests.HomePageSearchTest -->
      <class name="tests.AppLinkMobileTest">
        <test-method status="PASS" signature="intializeWebdriver()[pri:0, instance:tests.AppLinkMobileTest@161479c6]" name="intializeWebdriver" is-config="true" duration-ms="1583" started-at="2021-07-04T12:26:38Z" finished-at="2021-07-04T12:26:40Z">
          <reporter-output>
          </reporter-output>
        </test-method> <!-- intializeWebdriver -->
        <test-method status="PASS" signature="openBrowser()[pri:0, instance:tests.AppLinkMobileTest@161479c6]" name="openBrowser" is-config="true" duration-ms="2720" started-at="2021-07-04T12:26:40Z" finished-at="2021-07-04T12:26:42Z">
          <reporter-output>
          </reporter-output>
        </test-method> <!-- openBrowser -->
        <test-method status="PASS" signature="InvalidMobileAppLink()[pri:0, instance:tests.AppLinkMobileTest@161479c6]" name="InvalidMobileAppLink" duration-ms="1169" started-at="2021-07-04T12:26:42Z" finished-at="2021-07-04T12:26:43Z">
          <reporter-output>
          </reporter-output>
        </test-method> <!-- InvalidMobileAppLink -->
        <test-method status="PASS" signature="Logger(org.testng.ITestResult)[pri:0, instance:tests.AppLinkMobileTest@161479c6]" name="Logger" is-config="true" duration-ms="0" started-at="2021-07-04T12:26:43Z" finished-at="2021-07-04T12:26:43Z">
          <params>
            <param index="0">
              <value>
                <![CDATA[[TestResult name=InvalidMobileAppLink status=SUCCESS method=AppLinkMobileTest.InvalidMobileAppLink()[pri:0, instance:tests.AppLinkMobileTest@161479c6] output={null}]]]>
              </value>
            </param>
          </params>
          <reporter-output>
          </reporter-output>
        </test-method> <!-- Logger -->
        <test-method status="PASS" signature="closeBrowser()[pri:0, instance:tests.AppLinkMobileTest@161479c6]" name="closeBrowser" is-config="true" duration-ms="1320" started-at="2021-07-04T12:26:43Z" finished-at="2021-07-04T12:26:45Z">
          <reporter-output>
          </reporter-output>
        </test-method> <!-- closeBrowser -->
        <test-method status="PASS" signature="attachScreenShot(org.testng.ITestResult)[pri:0, instance:tests.AppLinkMobileTest@161479c6]" name="attachScreenShot" is-config="true" duration-ms="0" started-at="2021-07-04T12:26:43Z" finished-at="2021-07-04T12:26:43Z">
          <params>
            <param index="0">
              <value>
                <![CDATA[[TestResult name=InvalidMobileAppLink status=SUCCESS method=AppLinkMobileTest.InvalidMobileAppLink()[pri:0, instance:tests.AppLinkMobileTest@161479c6] output={null}]]]>
              </value>
            </param>
          </params>
          <reporter-output>
          </reporter-output>
        </test-method> <!-- attachScreenShot -->
        <test-method status="PASS" signature="intializeWebdriver()[pri:0, instance:tests.AppLinkMobileTest@161479c6]" name="intializeWebdriver" is-config="true" duration-ms="1476" started-at="2021-07-04T12:26:45Z" finished-at="2021-07-04T12:26:46Z">
          <reporter-output>
          </reporter-output>
        </test-method> <!-- intializeWebdriver -->
        <test-method status="PASS" signature="openBrowser()[pri:0, instance:tests.AppLinkMobileTest@161479c6]" name="openBrowser" is-config="true" duration-ms="2679" started-at="2021-07-04T12:26:46Z" finished-at="2021-07-04T12:26:49Z">
          <reporter-output>
          </reporter-output>
        </test-method> <!-- openBrowser -->
        <test-method status="FAIL" signature="ValidMobileAppLink()[pri:0, instance:tests.AppLinkMobileTest@161479c6]" name="ValidMobileAppLink" duration-ms="1202" started-at="2021-07-04T12:26:49Z" finished-at="2021-07-04T12:26:50Z">
          <exception class="java.lang.AssertionError">
            <message>
              <![CDATA[expected:<> but was:<Sorry ! please try again. We are facing issues in sending SMS>]]>
            </message>
            <full-stacktrace>
              <![CDATA[java.lang.AssertionError: expected:<> but was:<Sorry ! please try again. We are facing issues in sending SMS>
at org.testng.AssertJUnit.assertEquals(AssertJUnit.java:101)
at org.testng.AssertJUnit.assertEquals(AssertJUnit.java:108)
at tests.AppLinkMobileTest.ValidMobileAppLink(AppLinkMobileTest.java:35)
at sun.reflect.NativeMethodAccessorImpl.invoke0(Native Method)
at sun.reflect.NativeMethodAccessorImpl.invoke(NativeMethodAccessorImpl.java:62)
at sun.reflect.DelegatingMethodAccessorImpl.invoke(DelegatingMethodAccessorImpl.java:43)
at java.lang.reflect.Method.invoke(Method.java:498)
at org.testng.internal.MethodInvocationHelper.invokeMethod(MethodInvocationHelper.java:124)
at org.testng.internal.Invoker.invokeMethod(Invoker.java:583)
at org.testng.internal.Invoker.invokeTestMethod(Invoker.java:719)
at org.testng.internal.Invoker.invokeTestMethods(Invoker.java:989)
at org.testng.internal.TestMethodWorker.invokeTestMethods(TestMethodWorker.java:125)
at org.testng.internal.TestMethodWorker.run(TestMethodWorker.java:109)
at org.testng.TestRunner.privateRun(TestRunner.java:648)
at org.testng.TestRunner.run(TestRunner.java:505)
at org.testng.SuiteRunner.runTest(SuiteRunner.java:455)
at org.testng.SuiteRunner.runSequentially(SuiteRunner.java:450)
at org.testng.SuiteRunner.privateRun(SuiteRunner.java:415)
at org.testng.SuiteRunner.run(SuiteRunner.java:364)
at org.testng.SuiteRunnerWorker.runSuite(SuiteRunnerWorker.java:52)
at org.testng.SuiteRunnerWorker.run(SuiteRunnerWorker.java:84)
at org.testng.TestNG.runSuitesSequentially(TestNG.java:1208)
at org.testng.TestNG.runSuitesLocally(TestNG.java:1137)
at org.testng.TestNG.runSuites(TestNG.java:1049)
at org.testng.TestNG.run(TestNG.java:1017)
at org.apache.maven.surefire.testng.TestNGExecutor.run(TestNGExecutor.java:283)
at org.apache.maven.surefire.testng.TestNGXmlTestSuite.execute(TestNGXmlTestSuite.java:75)
at org.apache.maven.surefire.testng.TestNGProvider.invoke(TestNGProvider.java:120)
at org.apache.maven.surefire.booter.ForkedBooter.invokeProviderInSameClassLoader(ForkedBooter.java:384)
at org.apache.maven.surefire.booter.ForkedBooter.runSuitesInProcess(ForkedBooter.java:345)
at org.apache.maven.surefire.booter.ForkedBooter.execute(ForkedBooter.java:126)
at org.apache.maven.surefire.booter.ForkedBooter.main(ForkedBooter.java:418)
]]>
            </full-stacktrace>
          </exception> <!-- java.lang.AssertionError -->
          <reporter-output>
          </reporter-output>
        </test-method> <!-- ValidMobileAppLink -->
        <test-method status="PASS" signature="Logger(org.testng.ITestResult)[pri:0, instance:tests.AppLinkMobileTest@161479c6]" name="Logger" is-config="true" duration-ms="1" started-at="2021-07-04T12:26:50Z" finished-at="2021-07-04T12:26:50Z">
          <params>
            <param index="0">
              <value>
                <![CDATA[[TestResult name=ValidMobileAppLink status=FAILURE method=AppLinkMobileTest.ValidMobileAppLink()[pri:0, instance:tests.AppLinkMobileTest@161479c6] output={null}]]]>
              </value>
            </param>
          </params>
          <reporter-output>
          </reporter-output>
        </test-method> <!-- Logger -->
        <test-method status="PASS" signature="attachScreenShot(org.testng.ITestResult)[pri:0, instance:tests.AppLinkMobileTest@161479c6]" name="attachScreenShot" is-config="true" duration-ms="628" started-at="2021-07-04T12:26:50Z" finished-at="2021-07-04T12:26:51Z">
          <params>
            <param index="0">
              <value>
                <![CDATA[[TestResult name=ValidMobileAppLink status=FAILURE method=AppLinkMobileTest.ValidMobileAppLink()[pri:0, instance:tests.AppLinkMobileTest@161479c6] output={null}]]]>
              </value>
            </param>
          </params>
          <reporter-output>
          </reporter-output>
        </test-method> <!-- attachScreenShot -->
        <test-method status="PASS" signature="closeBrowser()[pri:0, instance:tests.AppLinkMobileTest@161479c6]" name="closeBrowser" is-config="true" duration-ms="1168" started-at="2021-07-04T12:26:51Z" finished-at="2021-07-04T12:26:52Z">
          <reporter-output>
          </reporter-output>
        </test-method> <!-- closeBrowser -->
      </class> <!-- tests.AppLinkMobileTest -->
      <class name="tests.OperatorSearch">
        <test-method status="PASS" signature="intializeWebdriver()[pri:0, instance:tests.OperatorSearch@49c386c8]" name="intializeWebdriver" is-config="true" duration-ms="1738" started-at="2021-07-04T12:29:44Z" finished-at="2021-07-04T12:29:46Z">
          <reporter-output>
          </reporter-output>
        </test-method> <!-- intializeWebdriver -->
        <test-method status="PASS" signature="openBrowser()[pri:0, instance:tests.OperatorSearch@49c386c8]" name="openBrowser" is-config="true" duration-ms="4394" started-at="2021-07-04T12:29:46Z" finished-at="2021-07-04T12:29:51Z">
          <reporter-output>
          </reporter-output>
        </test-method> <!-- openBrowser -->
        <test-method status="PASS" signature="OperatorSearchBus()[pri:0, instance:tests.OperatorSearch@49c386c8]" name="OperatorSearchBus" duration-ms="13872" started-at="2021-07-04T12:29:51Z" finished-at="2021-07-04T12:30:05Z">
          <reporter-output>
          </reporter-output>
        </test-method> <!-- OperatorSearchBus -->
        <test-method status="PASS" signature="Logger(org.testng.ITestResult)[pri:0, instance:tests.OperatorSearch@49c386c8]" name="Logger" is-config="true" duration-ms="1" started-at="2021-07-04T12:30:05Z" finished-at="2021-07-04T12:30:05Z">
          <params>
            <param index="0">
              <value>
                <![CDATA[[TestResult name=OperatorSearchBus status=SUCCESS method=OperatorSearch.OperatorSearchBus()[pri:0, instance:tests.OperatorSearch@49c386c8] output={null}]]]>
              </value>
            </param>
          </params>
          <reporter-output>
          </reporter-output>
        </test-method> <!-- Logger -->
        <test-method status="PASS" signature="closeBrowser()[pri:0, instance:tests.OperatorSearch@49c386c8]" name="closeBrowser" is-config="true" duration-ms="1099" started-at="2021-07-04T12:30:05Z" finished-at="2021-07-04T12:30:06Z">
          <reporter-output>
          </reporter-output>
        </test-method> <!-- closeBrowser -->
        <test-method status="PASS" signature="attachScreenShot(org.testng.ITestResult)[pri:0, instance:tests.OperatorSearch@49c386c8]" name="attachScreenShot" is-config="true" duration-ms="0" started-at="2021-07-04T12:30:05Z" finished-at="2021-07-04T12:30:05Z">
          <params>
            <param index="0">
              <value>
                <![CDATA[[TestResult name=OperatorSearchBus status=SUCCESS method=OperatorSearch.OperatorSearchBus()[pri:0, instance:tests.OperatorSearch@49c386c8] output={null}]]]>
              </value>
            </param>
          </params>
          <reporter-output>
          </reporter-output>
        </test-method> <!-- attachScreenShot -->
        <test-method status="PASS" signature="intializeWebdriver()[pri:0, instance:tests.OperatorSearch@49c386c8]" name="intializeWebdriver" is-config="true" duration-ms="1404" started-at="2021-07-04T12:30:06Z" finished-at="2021-07-04T12:30:07Z">
          <reporter-output>
          </reporter-output>
        </test-method> <!-- intializeWebdriver -->
        <test-method status="PASS" signature="openBrowser()[pri:0, instance:tests.OperatorSearch@49c386c8]" name="openBrowser" is-config="true" duration-ms="5749" started-at="2021-07-04T12:30:07Z" finished-at="2021-07-04T12:30:13Z">
          <reporter-output>
          </reporter-output>
        </test-method> <!-- openBrowser -->
        <test-method status="PASS" signature="OperatorSearchBusDifferentName()[pri:0, instance:tests.OperatorSearch@49c386c8]" name="OperatorSearchBusDifferentName" duration-ms="12405" started-at="2021-07-04T12:30:13Z" finished-at="2021-07-04T12:30:25Z">
          <reporter-output>
          </reporter-output>
        </test-method> <!-- OperatorSearchBusDifferentName -->
        <test-method status="PASS" signature="Logger(org.testng.ITestResult)[pri:0, instance:tests.OperatorSearch@49c386c8]" name="Logger" is-config="true" duration-ms="1" started-at="2021-07-04T12:30:25Z" finished-at="2021-07-04T12:30:25Z">
          <params>
            <param index="0">
              <value>
                <![CDATA[[TestResult name=OperatorSearchBusDifferentName status=SUCCESS method=OperatorSearch.OperatorSearchBusDifferentName()[pri:0, instance:tests.OperatorSearch@49c386c8] output={null}]]]>
              </value>
            </param>
          </params>
          <reporter-output>
          </reporter-output>
        </test-method> <!-- Logger -->
        <test-method status="PASS" signature="closeBrowser()[pri:0, instance:tests.OperatorSearch@49c386c8]" name="closeBrowser" is-config="true" duration-ms="848" started-at="2021-07-04T12:30:25Z" finished-at="2021-07-04T12:30:26Z">
          <reporter-output>
          </reporter-output>
        </test-method> <!-- closeBrowser -->
        <test-method status="PASS" signature="attachScreenShot(org.testng.ITestResult)[pri:0, instance:tests.OperatorSearch@49c386c8]" name="attachScreenShot" is-config="true" duration-ms="0" started-at="2021-07-04T12:30:25Z" finished-at="2021-07-04T12:30:25Z">
          <params>
            <param index="0">
              <value>
                <![CDATA[[TestResult name=OperatorSearchBusDifferentName status=SUCCESS method=OperatorSearch.OperatorSearchBusDifferentName()[pri:0, instance:tests.OperatorSearch@49c386c8] output={null}]]]>
              </value>
            </param>
          </params>
          <reporter-output>
          </reporter-output>
        </test-method> <!-- attachScreenShot -->
      </class> <!-- tests.OperatorSearch -->
      <class name="tests.ManageBookingTest">
        <test-method status="PASS" signature="intializeWebdriver()[pri:0, instance:tests.ManageBookingTest@1f0f1111]" name="intializeWebdriver" is-config="true" duration-ms="1595" started-at="2021-07-04T12:28:57Z" finished-at="2021-07-04T12:28:58Z">
          <reporter-output>
          </reporter-output>
        </test-method> <!-- intializeWebdriver -->
        <test-method status="PASS" signature="openBrowser()[pri:0, instance:tests.ManageBookingTest@1f0f1111]" name="openBrowser" is-config="true" duration-ms="5809" started-at="2021-07-04T12:28:58Z" finished-at="2021-07-04T12:29:04Z">
          <reporter-output>
          </reporter-output>
        </test-method> <!-- openBrowser -->
        <test-method status="PASS" signature="InvalidCancelTicket()[pri:0, instance:tests.ManageBookingTest@1f0f1111]" name="InvalidCancelTicket" duration-ms="3390" started-at="2021-07-04T12:29:04Z" finished-at="2021-07-04T12:29:07Z">
          <reporter-output>
          </reporter-output>
        </test-method> <!-- InvalidCancelTicket -->
        <test-method status="PASS" signature="Logger(org.testng.ITestResult)[pri:0, instance:tests.ManageBookingTest@1f0f1111]" name="Logger" is-config="true" duration-ms="2" started-at="2021-07-04T12:29:07Z" finished-at="2021-07-04T12:29:07Z">
          <params>
            <param index="0">
              <value>
                <![CDATA[[TestResult name=InvalidCancelTicket status=SUCCESS method=ManageBookingTest.InvalidCancelTicket()[pri:0, instance:tests.ManageBookingTest@1f0f1111] output={null}]]]>
              </value>
            </param>
          </params>
          <reporter-output>
          </reporter-output>
        </test-method> <!-- Logger -->
        <test-method status="PASS" signature="attachScreenShot(org.testng.ITestResult)[pri:0, instance:tests.ManageBookingTest@1f0f1111]" name="attachScreenShot" is-config="true" duration-ms="1" started-at="2021-07-04T12:29:07Z" finished-at="2021-07-04T12:29:07Z">
          <params>
            <param index="0">
              <value>
                <![CDATA[[TestResult name=InvalidCancelTicket status=SUCCESS method=ManageBookingTest.InvalidCancelTicket()[pri:0, instance:tests.ManageBookingTest@1f0f1111] output={null}]]]>
              </value>
            </param>
          </params>
          <reporter-output>
          </reporter-output>
        </test-method> <!-- attachScreenShot -->
        <test-method status="PASS" signature="closeBrowser()[pri:0, instance:tests.ManageBookingTest@1f0f1111]" name="closeBrowser" is-config="true" duration-ms="1566" started-at="2021-07-04T12:29:07Z" finished-at="2021-07-04T12:29:09Z">
          <reporter-output>
          </reporter-output>
        </test-method> <!-- closeBrowser -->
        <test-method status="PASS" signature="intializeWebdriver()[pri:0, instance:tests.ManageBookingTest@1f0f1111]" name="intializeWebdriver" is-config="true" duration-ms="2493" started-at="2021-07-04T12:29:09Z" finished-at="2021-07-04T12:29:11Z">
          <reporter-output>
          </reporter-output>
        </test-method> <!-- intializeWebdriver -->
        <test-method status="PASS" signature="openBrowser()[pri:0, instance:tests.ManageBookingTest@1f0f1111]" name="openBrowser" is-config="true" duration-ms="5021" started-at="2021-07-04T12:29:11Z" finished-at="2021-07-04T12:29:17Z">
          <reporter-output>
          </reporter-output>
        </test-method> <!-- openBrowser -->
        <test-method status="PASS" signature="InvalidEmailSms()[pri:0, instance:tests.ManageBookingTest@1f0f1111]" name="InvalidEmailSms" duration-ms="3927" started-at="2021-07-04T12:29:17Z" finished-at="2021-07-04T12:29:20Z">
          <reporter-output>
          </reporter-output>
        </test-method> <!-- InvalidEmailSms -->
        <test-method status="PASS" signature="Logger(org.testng.ITestResult)[pri:0, instance:tests.ManageBookingTest@1f0f1111]" name="Logger" is-config="true" duration-ms="3" started-at="2021-07-04T12:29:20Z" finished-at="2021-07-04T12:29:20Z">
          <params>
            <param index="0">
              <value>
                <![CDATA[[TestResult name=InvalidEmailSms status=SUCCESS method=ManageBookingTest.InvalidEmailSms()[pri:0, instance:tests.ManageBookingTest@1f0f1111] output={null}]]]>
              </value>
            </param>
          </params>
          <reporter-output>
          </reporter-output>
        </test-method> <!-- Logger -->
        <test-method status="PASS" signature="attachScreenShot(org.testng.ITestResult)[pri:0, instance:tests.ManageBookingTest@1f0f1111]" name="attachScreenShot" is-config="true" duration-ms="1" started-at="2021-07-04T12:29:20Z" finished-at="2021-07-04T12:29:20Z">
          <params>
            <param index="0">
              <value>
                <![CDATA[[TestResult name=InvalidEmailSms status=SUCCESS method=ManageBookingTest.InvalidEmailSms()[pri:0, instance:tests.ManageBookingTest@1f0f1111] output={null}]]]>
              </value>
            </param>
          </params>
          <reporter-output>
          </reporter-output>
        </test-method> <!-- attachScreenShot -->
        <test-method status="PASS" signature="closeBrowser()[pri:0, instance:tests.ManageBookingTest@1f0f1111]" name="closeBrowser" is-config="true" duration-ms="1392" started-at="2021-07-04T12:29:20Z" finished-at="2021-07-04T12:29:22Z">
          <reporter-output>
          </reporter-output>
        </test-method> <!-- closeBrowser -->
        <test-method status="PASS" signature="intializeWebdriver()[pri:0, instance:tests.ManageBookingTest@1f0f1111]" name="intializeWebdriver" is-config="true" duration-ms="1882" started-at="2021-07-04T12:29:22Z" finished-at="2021-07-04T12:29:24Z">
          <reporter-output>
          </reporter-output>
        </test-method> <!-- intializeWebdriver -->
        <test-method status="PASS" signature="openBrowser()[pri:0, instance:tests.ManageBookingTest@1f0f1111]" name="openBrowser" is-config="true" duration-ms="4708" started-at="2021-07-04T12:29:24Z" finished-at="2021-07-04T12:29:28Z">
          <reporter-output>
          </reporter-output>
        </test-method> <!-- openBrowser -->
        <test-method status="PASS" signature="InvalidShowMyTicket()[pri:0, instance:tests.ManageBookingTest@1f0f1111]" name="InvalidShowMyTicket" duration-ms="3594" started-at="2021-07-04T12:29:28Z" finished-at="2021-07-04T12:29:32Z">
          <reporter-output>
          </reporter-output>
        </test-method> <!-- InvalidShowMyTicket -->
        <test-method status="PASS" signature="Logger(org.testng.ITestResult)[pri:0, instance:tests.ManageBookingTest@1f0f1111]" name="Logger" is-config="true" duration-ms="1" started-at="2021-07-04T12:29:32Z" finished-at="2021-07-04T12:29:32Z">
          <params>
            <param index="0">
              <value>
                <![CDATA[[TestResult name=InvalidShowMyTicket status=SUCCESS method=ManageBookingTest.InvalidShowMyTicket()[pri:0, instance:tests.ManageBookingTest@1f0f1111] output={null}]]]>
              </value>
            </param>
          </params>
          <reporter-output>
          </reporter-output>
        </test-method> <!-- Logger -->
        <test-method status="PASS" signature="attachScreenShot(org.testng.ITestResult)[pri:0, instance:tests.ManageBookingTest@1f0f1111]" name="attachScreenShot" is-config="true" duration-ms="1" started-at="2021-07-04T12:29:32Z" finished-at="2021-07-04T12:29:32Z">
          <params>
            <param index="0">
              <value>
                <![CDATA[[TestResult name=InvalidShowMyTicket status=SUCCESS method=ManageBookingTest.InvalidShowMyTicket()[pri:0, instance:tests.ManageBookingTest@1f0f1111] output={null}]]]>
              </value>
            </param>
          </params>
          <reporter-output>
          </reporter-output>
        </test-method> <!-- attachScreenShot -->
        <test-method status="PASS" signature="closeBrowser()[pri:0, instance:tests.ManageBookingTest@1f0f1111]" name="closeBrowser" is-config="true" duration-ms="1512" started-at="2021-07-04T12:29:32Z" finished-at="2021-07-04T12:29:34Z">
          <reporter-output>
          </reporter-output>
        </test-method> <!-- closeBrowser -->
        <test-method status="PASS" signature="intializeWebdriver()[pri:0, instance:tests.ManageBookingTest@1f0f1111]" name="intializeWebdriver" is-config="true" duration-ms="1933" started-at="2021-07-04T12:29:34Z" finished-at="2021-07-04T12:29:35Z">
          <reporter-output>
          </reporter-output>
        </test-method> <!-- intializeWebdriver -->
        <test-method status="PASS" signature="openBrowser()[pri:0, instance:tests.ManageBookingTest@1f0f1111]" name="openBrowser" is-config="true" duration-ms="4605" started-at="2021-07-04T12:29:35Z" finished-at="2021-07-04T12:29:40Z">
          <reporter-output>
          </reporter-output>
        </test-method> <!-- openBrowser -->
        <test-method status="PASS" signature="InvalidchangeTravelDate()[pri:0, instance:tests.ManageBookingTest@1f0f1111]" name="InvalidchangeTravelDate" duration-ms="3208" started-at="2021-07-04T12:29:40Z" finished-at="2021-07-04T12:29:43Z">
          <reporter-output>
          </reporter-output>
        </test-method> <!-- InvalidchangeTravelDate -->
        <test-method status="PASS" signature="Logger(org.testng.ITestResult)[pri:0, instance:tests.ManageBookingTest@1f0f1111]" name="Logger" is-config="true" duration-ms="1" started-at="2021-07-04T12:29:43Z" finished-at="2021-07-04T12:29:43Z">
          <params>
            <param index="0">
              <value>
                <![CDATA[[TestResult name=InvalidchangeTravelDate status=SUCCESS method=ManageBookingTest.InvalidchangeTravelDate()[pri:0, instance:tests.ManageBookingTest@1f0f1111] output={null}]]]>
              </value>
            </param>
          </params>
          <reporter-output>
          </reporter-output>
        </test-method> <!-- Logger -->
        <test-method status="PASS" signature="attachScreenShot(org.testng.ITestResult)[pri:0, instance:tests.ManageBookingTest@1f0f1111]" name="attachScreenShot" is-config="true" duration-ms="1" started-at="2021-07-04T12:29:43Z" finished-at="2021-07-04T12:29:43Z">
          <params>
            <param index="0">
              <value>
                <![CDATA[[TestResult name=InvalidchangeTravelDate status=SUCCESS method=ManageBookingTest.InvalidchangeTravelDate()[pri:0, instance:tests.ManageBookingTest@1f0f1111] output={null}]]]>
              </value>
            </param>
          </params>
          <reporter-output>
          </reporter-output>
        </test-method> <!-- attachScreenShot -->
        <test-method status="PASS" signature="closeBrowser()[pri:0, instance:tests.ManageBookingTest@1f0f1111]" name="closeBrowser" is-config="true" duration-ms="1209" started-at="2021-07-04T12:29:43Z" finished-at="2021-07-04T12:29:44Z">
          <reporter-output>
          </reporter-output>
        </test-method> <!-- closeBrowser -->
      </class> <!-- tests.ManageBookingTest -->
      <class name="tests.GlobalSitesTest">
        <test-method status="PASS" signature="setExtent()[pri:0, instance:tests.GlobalSitesTest@5e316c74]" name="setExtent" is-config="true" duration-ms="150" started-at="2021-07-04T12:25:39Z" finished-at="2021-07-04T12:25:39Z">
          <reporter-output>
          </reporter-output>
        </test-method> <!-- setExtent -->
        <test-method status="PASS" signature="intializeWebdriver()[pri:0, instance:tests.GlobalSitesTest@5e316c74]" name="intializeWebdriver" is-config="true" duration-ms="2699" started-at="2021-07-04T12:25:40Z" finished-at="2021-07-04T12:25:43Z">
          <reporter-output>
          </reporter-output>
        </test-method> <!-- intializeWebdriver -->
        <test-method status="PASS" signature="openBrowser()[pri:0, instance:tests.GlobalSitesTest@5e316c74]" name="openBrowser" is-config="true" duration-ms="4495" started-at="2021-07-04T12:25:43Z" finished-at="2021-07-04T12:25:47Z">
          <reporter-output>
          </reporter-output>
        </test-method> <!-- openBrowser -->
        <test-method status="PASS" signature="ColombiaSiteTest()[pri:0, instance:tests.GlobalSitesTest@5e316c74]" name="ColombiaSiteTest" duration-ms="5995" started-at="2021-07-04T12:25:47Z" finished-at="2021-07-04T12:25:53Z">
          <reporter-output>
          </reporter-output>
        </test-method> <!-- ColombiaSiteTest -->
        <test-method status="PASS" signature="Logger(org.testng.ITestResult)[pri:0, instance:tests.GlobalSitesTest@5e316c74]" name="Logger" is-config="true" duration-ms="5" started-at="2021-07-04T12:25:53Z" finished-at="2021-07-04T12:25:53Z">
          <params>
            <param index="0">
              <value>
                <![CDATA[[TestResult name=ColombiaSiteTest status=SUCCESS method=GlobalSitesTest.ColombiaSiteTest()[pri:0, instance:tests.GlobalSitesTest@5e316c74] output={null}]]]>
              </value>
            </param>
          </params>
          <reporter-output>
          </reporter-output>
        </test-method> <!-- Logger -->
        <test-method status="PASS" signature="attachScreenShot(org.testng.ITestResult)[pri:0, instance:tests.GlobalSitesTest@5e316c74]" name="attachScreenShot" is-config="true" duration-ms="6" started-at="2021-07-04T12:25:53Z" finished-at="2021-07-04T12:25:53Z">
          <params>
            <param index="0">
              <value>
                <![CDATA[[TestResult name=ColombiaSiteTest status=SUCCESS method=GlobalSitesTest.ColombiaSiteTest()[pri:0, instance:tests.GlobalSitesTest@5e316c74] output={null}]]]>
              </value>
            </param>
          </params>
          <reporter-output>
          </reporter-output>
        </test-method> <!-- attachScreenShot -->
        <test-method status="PASS" signature="closeBrowser()[pri:0, instance:tests.GlobalSitesTest@5e316c74]" name="closeBrowser" is-config="true" duration-ms="1673" started-at="2021-07-04T12:25:53Z" finished-at="2021-07-04T12:25:55Z">
          <reporter-output>
          </reporter-output>
        </test-method> <!-- closeBrowser -->
        <test-method status="PASS" signature="intializeWebdriver()[pri:0, instance:tests.GlobalSitesTest@5e316c74]" name="intializeWebdriver" is-config="true" duration-ms="1938" started-at="2021-07-04T12:25:55Z" finished-at="2021-07-04T12:25:57Z">
          <reporter-output>
          </reporter-output>
        </test-method> <!-- intializeWebdriver -->
        <test-method status="PASS" signature="openBrowser()[pri:0, instance:tests.GlobalSitesTest@5e316c74]" name="openBrowser" is-config="true" duration-ms="4020" started-at="2021-07-04T12:25:57Z" finished-at="2021-07-04T12:26:01Z">
          <reporter-output>
          </reporter-output>
        </test-method> <!-- openBrowser -->
        <test-method status="FAIL" signature="SingaporeSiteTest()[pri:0, instance:tests.GlobalSitesTest@5e316c74]" name="SingaporeSiteTest" duration-ms="20745" started-at="2021-07-04T12:26:01Z" finished-at="2021-07-04T12:26:22Z">
          <exception class="org.openqa.selenium.TimeoutException">
            <message>
              <![CDATA[Expected condition failed: waiting for url to be "https://www.redbus.sg/". Current url: "https://www.redbus.in/" (tried for 20 second(s) with 500 milliseconds interval)
Build info: version: '3.141.59', revision: 'e82be7d358', time: '2018-11-14T08:17:03'
System info: host: 'ROHANCHOUDHARY1', ip: '172.18.160.1', os.name: 'Windows 10', os.arch: 'amd64', os.version: '10.0', java.version: '1.8.0_291'
Driver info: org.openqa.selenium.chrome.ChromeDriver
Capabilities {acceptInsecureCerts: false, browserName: chrome, browserVersion: 91.0.4472.124, chrome: {chromedriverVersion: 91.0.4472.19 (1bf021f248676..., userDataDir: C:\Users\ROHANC~1\AppData\L...}, goog:chromeOptions: {debuggerAddress: localhost:64970}, javascriptEnabled: true, networkConnectionEnabled: false, pageLoadStrategy: normal, platform: WINDOWS, platformName: WINDOWS, proxy: Proxy(), setWindowRect: true, strictFileInteractability: false, timeouts: {implicit: 0, pageLoad: 300000, script: 30000}, unhandledPromptBehavior: dismiss and notify, webauthn:extension:largeBlob: true, webauthn:virtualAuthenticators: true}
Session ID: c3735c4cc3321dfe4b128b0341bbd2c0]]>
            </message>
            <full-stacktrace>
              <![CDATA[org.openqa.selenium.TimeoutException: Expected condition failed: waiting for url to be "https://www.redbus.sg/". Current url: "https://www.redbus.in/" (tried for 20 second(s) with 500 milliseconds interval)
Build info: version: '3.141.59', revision: 'e82be7d358', time: '2018-11-14T08:17:03'
System info: host: 'ROHANCHOUDHARY1', ip: '172.18.160.1', os.name: 'Windows 10', os.arch: 'amd64', os.version: '10.0', java.version: '1.8.0_291'
Driver info: org.openqa.selenium.chrome.ChromeDriver
Capabilities {acceptInsecureCerts: false, browserName: chrome, browserVersion: 91.0.4472.124, chrome: {chromedriverVersion: 91.0.4472.19 (1bf021f248676..., userDataDir: C:\Users\ROHANC~1\AppData\L...}, goog:chromeOptions: {debuggerAddress: localhost:64970}, javascriptEnabled: true, networkConnectionEnabled: false, pageLoadStrategy: normal, platform: WINDOWS, platformName: WINDOWS, proxy: Proxy(), setWindowRect: true, strictFileInteractability: false, timeouts: {implicit: 0, pageLoad: 300000, script: 30000}, unhandledPromptBehavior: dismiss and notify, webauthn:extension:largeBlob: true, webauthn:virtualAuthenticators: true}
Session ID: c3735c4cc3321dfe4b128b0341bbd2c0
at org.openqa.selenium.support.ui.WebDriverWait.timeoutException(WebDriverWait.java:95)
at org.openqa.selenium.support.ui.FluentWait.until(FluentWait.java:272)
at tests.GlobalSitesTest.SingaporeSiteTest(GlobalSitesTest.java:17)
at sun.reflect.NativeMethodAccessorImpl.invoke0(Native Method)
at sun.reflect.NativeMethodAccessorImpl.invoke(NativeMethodAccessorImpl.java:62)
at sun.reflect.DelegatingMethodAccessorImpl.invoke(DelegatingMethodAccessorImpl.java:43)
at java.lang.reflect.Method.invoke(Method.java:498)
at org.testng.internal.MethodInvocationHelper.invokeMethod(MethodInvocationHelper.java:124)
at org.testng.internal.Invoker.invokeMethod(Invoker.java:583)
at org.testng.internal.Invoker.invokeTestMethod(Invoker.java:719)
at org.testng.internal.Invoker.invokeTestMethods(Invoker.java:989)
at org.testng.internal.TestMethodWorker.invokeTestMethods(TestMethodWorker.java:125)
at org.testng.internal.TestMethodWorker.run(TestMethodWorker.java:109)
at org.testng.TestRunner.privateRun(TestRunner.java:648)
at org.testng.TestRunner.run(TestRunner.java:505)
at org.testng.SuiteRunner.runTest(SuiteRunner.java:455)
at org.testng.SuiteRunner.runSequentially(SuiteRunner.java:450)
at org.testng.SuiteRunner.privateRun(SuiteRunner.java:415)
at org.testng.SuiteRunner.run(SuiteRunner.java:364)
at org.testng.SuiteRunnerWorker.runSuite(SuiteRunnerWorker.java:52)
at org.testng.SuiteRunnerWorker.run(SuiteRunnerWorker.java:84)
at org.testng.TestNG.runSuitesSequentially(TestNG.java:1208)
at org.testng.TestNG.runSuitesLocally(TestNG.java:1137)
at org.testng.TestNG.runSuites(TestNG.java:1049)
at org.testng.TestNG.run(TestNG.java:1017)
at org.apache.maven.surefire.testng.TestNGExecutor.run(TestNGExecutor.java:283)
at org.apache.maven.surefire.testng.TestNGXmlTestSuite.execute(TestNGXmlTestSuite.java:75)
at org.apache.maven.surefire.testng.TestNGProvider.invoke(TestNGProvider.java:120)
at org.apache.maven.surefire.booter.ForkedBooter.invokeProviderInSameClassLoader(ForkedBooter.java:384)
at org.apache.maven.surefire.booter.ForkedBooter.runSuitesInProcess(ForkedBooter.java:345)
at org.apache.maven.surefire.booter.ForkedBooter.execute(ForkedBooter.java:126)
at org.apache.maven.surefire.booter.ForkedBooter.main(ForkedBooter.java:418)
]]>
            </full-stacktrace>
          </exception> <!-- org.openqa.selenium.TimeoutException -->
          <reporter-output>
          </reporter-output>
        </test-method> <!-- SingaporeSiteTest -->
        <test-method status="PASS" signature="Logger(org.testng.ITestResult)[pri:0, instance:tests.GlobalSitesTest@5e316c74]" name="Logger" is-config="true" duration-ms="0" started-at="2021-07-04T12:26:22Z" finished-at="2021-07-04T12:26:22Z">
          <params>
            <param index="0">
              <value>
                <![CDATA[[TestResult name=SingaporeSiteTest status=FAILURE method=GlobalSitesTest.SingaporeSiteTest()[pri:0, instance:tests.GlobalSitesTest@5e316c74] output={null}]]]>
              </value>
            </param>
          </params>
          <reporter-output>
          </reporter-output>
        </test-method> <!-- Logger -->
        <test-method status="PASS" signature="attachScreenShot(org.testng.ITestResult)[pri:0, instance:tests.GlobalSitesTest@5e316c74]" name="attachScreenShot" is-config="true" duration-ms="166" started-at="2021-07-04T12:26:22Z" finished-at="2021-07-04T12:26:22Z">
          <params>
            <param index="0">
              <value>
                <![CDATA[[TestResult name=SingaporeSiteTest status=FAILURE method=GlobalSitesTest.SingaporeSiteTest()[pri:0, instance:tests.GlobalSitesTest@5e316c74] output={null}]]]>
              </value>
            </param>
          </params>
          <reporter-output>
          </reporter-output>
        </test-method> <!-- attachScreenShot -->
        <test-method status="PASS" signature="closeBrowser()[pri:0, instance:tests.GlobalSitesTest@5e316c74]" name="closeBrowser" is-config="true" duration-ms="654" started-at="2021-07-04T12:26:22Z" finished-at="2021-07-04T12:26:22Z">
          <reporter-output>
          </reporter-output>
        </test-method> <!-- closeBrowser -->
        <test-method status="PASS" signature="endReport()[pri:0, instance:tests.GlobalSitesTest@5e316c74]" name="endReport" is-config="true" duration-ms="430" started-at="2021-07-04T12:30:46Z" finished-at="2021-07-04T12:30:47Z">
          <reporter-output>
          </reporter-output>
        </test-method> <!-- endReport -->
      </class> <!-- tests.GlobalSitesTest -->
      <class name="tests.ContactUsTest">
        <test-method status="PASS" signature="intializeWebdriver()[pri:0, instance:tests.ContactUsTest@778d1062]" name="intializeWebdriver" is-config="true" duration-ms="1285" started-at="2021-07-04T12:28:12Z" finished-at="2021-07-04T12:28:14Z">
          <reporter-output>
          </reporter-output>
        </test-method> <!-- intializeWebdriver -->
        <test-method status="PASS" signature="openBrowser()[pri:0, instance:tests.ContactUsTest@778d1062]" name="openBrowser" is-config="true" duration-ms="3010" started-at="2021-07-04T12:28:14Z" finished-at="2021-07-04T12:28:17Z">
          <reporter-output>
          </reporter-output>
        </test-method> <!-- openBrowser -->
        <test-method status="PASS" signature="ContactUsPhone()[pri:0, instance:tests.ContactUsTest@778d1062]" name="ContactUsPhone" duration-ms="2442" started-at="2021-07-04T12:28:17Z" finished-at="2021-07-04T12:28:19Z">
          <reporter-output>
          </reporter-output>
        </test-method> <!-- ContactUsPhone -->
        <test-method status="PASS" signature="Logger(org.testng.ITestResult)[pri:0, instance:tests.ContactUsTest@778d1062]" name="Logger" is-config="true" duration-ms="1" started-at="2021-07-04T12:28:19Z" finished-at="2021-07-04T12:28:19Z">
          <params>
            <param index="0">
              <value>
                <![CDATA[[TestResult name=ContactUsPhone status=SUCCESS method=ContactUsTest.ContactUsPhone()[pri:0, instance:tests.ContactUsTest@778d1062] output={null}]]]>
              </value>
            </param>
          </params>
          <reporter-output>
          </reporter-output>
        </test-method> <!-- Logger -->
        <test-method status="PASS" signature="attachScreenShot(org.testng.ITestResult)[pri:0, instance:tests.ContactUsTest@778d1062]" name="attachScreenShot" is-config="true" duration-ms="0" started-at="2021-07-04T12:28:19Z" finished-at="2021-07-04T12:28:19Z">
          <params>
            <param index="0">
              <value>
                <![CDATA[[TestResult name=ContactUsPhone status=SUCCESS method=ContactUsTest.ContactUsPhone()[pri:0, instance:tests.ContactUsTest@778d1062] output={null}]]]>
              </value>
            </param>
          </params>
          <reporter-output>
          </reporter-output>
        </test-method> <!-- attachScreenShot -->
        <test-method status="PASS" signature="closeBrowser()[pri:0, instance:tests.ContactUsTest@778d1062]" name="closeBrowser" is-config="true" duration-ms="1133" started-at="2021-07-04T12:28:19Z" finished-at="2021-07-04T12:28:20Z">
          <reporter-output>
          </reporter-output>
        </test-method> <!-- closeBrowser -->
        <test-method status="PASS" signature="intializeWebdriver()[pri:0, instance:tests.ContactUsTest@778d1062]" name="intializeWebdriver" is-config="true" duration-ms="1297" started-at="2021-07-04T12:28:20Z" finished-at="2021-07-04T12:28:21Z">
          <reporter-output>
          </reporter-output>
        </test-method> <!-- intializeWebdriver -->
        <test-method status="FAIL" signature="openBrowser()[pri:0, instance:tests.ContactUsTest@778d1062]" name="openBrowser" is-config="true" duration-ms="20026" started-at="2021-07-04T12:28:21Z" finished-at="2021-07-04T12:28:41Z">
          <exception class="org.openqa.selenium.TimeoutException">
            <message>
              <![CDATA[timeout: Timed out receiving message from renderer: 19.702
  (Session info: chrome=91.0.4472.124)
Build info: version: '3.141.59', revision: 'e82be7d358', time: '2018-11-14T08:17:03'
System info: host: 'ROHANCHOUDHARY1', ip: '172.18.160.1', os.name: 'Windows 10', os.arch: 'amd64', os.version: '10.0', java.version: '1.8.0_291'
Driver info: org.openqa.selenium.chrome.ChromeDriver
[...]
          <params>
            <param index="0">
              <value>
                <![CDATA[[TestResult name=fbCheck status=SUCCESS method=SocialMediaTest.fbCheck()[pri:0, instance:tests.SocialMediaTest@56528192] output={null}]]]>
              </value>
            </param>
          </params>
          <reporter-output>
          </reporter-output>
        </test-method> <!-- attachScreenShot -->
        <test-method status="PASS" signature="closeBrowser()[pri:0, instance:tests.SocialMediaTest@56528192]" name="closeBrowser" is-config="true" duration-ms="896" started-at="2021-07-04T12:30:36Z" finished-at="2021-07-04T12:30:37Z">
          <reporter-output>
          </reporter-output>
        </test-method> <!-- closeBrowser -->
        <test-method status="PASS" signature="intializeWebdriver()[pri:0, instance:tests.SocialMediaTest@56528192]" name="intializeWebdriver" is-config="true" duration-ms="1360" started-at="2021-07-04T12:30:37Z" finished-at="2021-07-04T12:30:39Z">
          <reporter-output>
          </reporter-output>
        </test-method> <!-- intializeWebdriver -->
        <test-method status="PASS" signature="openBrowser()[pri:0, instance:tests.SocialMediaTest@56528192]" name="openBrowser" is-config="true" duration-ms="3059" started-at="2021-07-04T12:30:39Z" finished-at="2021-07-04T12:30:42Z">
          <reporter-output>
          </reporter-output>
        </test-method> <!-- openBrowser -->
        <test-method status="PASS" signature="twitterCheck()[pri:0, instance:tests.SocialMediaTest@56528192]" name="twitterCheck" duration-ms="3147" started-at="2021-07-04T12:30:42Z" finished-at="2021-07-04T12:30:45Z">
          <reporter-output>
          </reporter-output>
        </test-method> <!-- twitterCheck -->
        <test-method status="PASS" signature="Logger(org.testng.ITestResult)[pri:0, instance:tests.SocialMediaTest@56528192]" name="Logger" is-config="true" duration-ms="1" started-at="2021-07-04T12:30:45Z" finished-at="2021-07-04T12:30:45Z">
          <params>
            <param index="0">
              <value>
                <![CDATA[[TestResult name=twitterCheck status=SUCCESS method=SocialMediaTest.twitterCheck()[pri:0, instance:tests.SocialMediaTest@56528192] output={null}]]]>
              </value>
            </param>
          </params>
          <reporter-output>
          </reporter-output>
        </test-method> <!-- Logger -->
        <test-method status="PASS" signature="attachScreenShot(org.testng.ITestResult)[pri:0, instance:tests.SocialMediaTest@56528192]" name="attachScreenShot" is-config="true" duration-ms="0" started-at="2021-07-04T12:30:45Z" finished-at="2021-07-04T12:30:45Z">
          <params>
            <param index="0">
              <value>
                <![CDATA[[TestResult name=twitterCheck status=SUCCESS method=SocialMediaTest.twitterCheck()[pri:0, instance:tests.SocialMediaTest@56528192] output={null}]]]>
              </value>
            </param>
          </params>
          <reporter-output>
          </reporter-output>
        </test-method> <!-- attachScreenShot -->
        <test-method status="PASS" signature="closeBrowser()[pri:0, instance:tests.SocialMediaTest@56528192]" name="closeBrowser" is-config="true" duration-ms="1568" started-at="2021-07-04T12:30:45Z" finished-at="2021-07-04T12:30:46Z">
          <reporter-output>
          </reporter-output>
        </test-method> <!-- closeBrowser -->
      </class> <!-- tests.SocialMediaTest -->
      <class name="tests.PrivacyLinkTest">
        <test-method status="PASS" signature="intializeWebdriver()[pri:0, instance:tests.PrivacyLinkTest@6d2a209c]" name="intializeWebdriver" is-config="true" duration-ms="1267" started-at="2021-07-04T12:26:22Z" finished-at="2021-07-04T12:26:24Z">
          <reporter-output>
          </reporter-output>
        </test-method> <!-- intializeWebdriver -->
        <test-method status="PASS" signature="openBrowser()[pri:0, instance:tests.PrivacyLinkTest@6d2a209c]" name="openBrowser" is-config="true" duration-ms="2178" started-at="2021-07-04T12:26:24Z" finished-at="2021-07-04T12:26:26Z">
          <reporter-output>
          </reporter-output>
        </test-method> <!-- openBrowser -->
        <test-method status="PASS" signature="privacyLinkTest()[pri:0, instance:tests.PrivacyLinkTest@6d2a209c]" name="privacyLinkTest" duration-ms="3020" started-at="2021-07-04T12:26:26Z" finished-at="2021-07-04T12:26:29Z">
          <reporter-output>
          </reporter-output>
        </test-method> <!-- privacyLinkTest -->
        <test-method status="PASS" signature="Logger(org.testng.ITestResult)[pri:0, instance:tests.PrivacyLinkTest@6d2a209c]" name="Logger" is-config="true" duration-ms="1" started-at="2021-07-04T12:26:29Z" finished-at="2021-07-04T12:26:29Z">
          <params>
            <param index="0">
              <value>
                <![CDATA[[TestResult name=privacyLinkTest status=SUCCESS method=PrivacyLinkTest.privacyLinkTest()[pri:0, instance:tests.PrivacyLinkTest@6d2a209c] output={null}]]]>
              </value>
            </param>
          </params>
          <reporter-output>
          </reporter-output>
        </test-method> <!-- Logger -->
        <test-method status="PASS" signature="attachScreenShot(org.testng.ITestResult)[pri:0, instance:tests.PrivacyLinkTest@6d2a209c]" name="attachScreenShot" is-config="true" duration-ms="0" started-at="2021-07-04T12:26:29Z" finished-at="2021-07-04T12:26:29Z">
          <params>
            <param index="0">
              <value>
                <![CDATA[[TestResult name=privacyLinkTest status=SUCCESS method=PrivacyLinkTest.privacyLinkTest()[pri:0, instance:tests.PrivacyLinkTest@6d2a209c] output={null}]]]>
              </value>
            </param>
          </params>
          <reporter-output>
          </reporter-output>
        </test-method> <!-- attachScreenShot -->
        <test-method status="PASS" signature="closeBrowser()[pri:0, instance:tests.PrivacyLinkTest@6d2a209c]" name="closeBrowser" is-config="true" duration-ms="1302" started-at="2021-07-04T12:26:29Z" finished-at="2021-07-04T12:26:30Z">
          <reporter-output>
          </reporter-output>
        </test-method> <!-- closeBrowser -->
      </class> <!-- tests.PrivacyLinkTest -->
      <class name="tests.FAQTest">
        <test-method status="PASS" signature="intializeWebdriver()[pri:0, instance:tests.FAQTest@75329a49]" name="intializeWebdriver" is-config="true" duration-ms="1391" started-at="2021-07-04T12:26:30Z" finished-at="2021-07-04T12:26:32Z">
          <reporter-output>
          </reporter-output>
        </test-method> <!-- intializeWebdriver -->
        <test-method status="PASS" signature="openBrowser()[pri:0, instance:tests.FAQTest@75329a49]" name="openBrowser" is-config="true" duration-ms="2613" started-at="2021-07-04T12:26:32Z" finished-at="2021-07-04T12:26:34Z">
          <reporter-output>
          </reporter-output>
        </test-method> <!-- openBrowser -->
        <test-method status="PASS" signature="FaqPageTest()[pri:0, instance:tests.FAQTest@75329a49]" name="FaqPageTest" duration-ms="2630" started-at="2021-07-04T12:26:34Z" finished-at="2021-07-04T12:26:37Z">
          <reporter-output>
          </reporter-output>
        </test-method> <!-- FaqPageTest -->
        <test-method status="PASS" signature="Logger(org.testng.ITestResult)[pri:0, instance:tests.FAQTest@75329a49]" name="Logger" is-config="true" duration-ms="1" started-at="2021-07-04T12:26:37Z" finished-at="2021-07-04T12:26:37Z">
          <params>
            <param index="0">
              <value>
                <![CDATA[[TestResult name=FaqPageTest status=SUCCESS method=FAQTest.FaqPageTest()[pri:0, instance:tests.FAQTest@75329a49] output={null}]]]>
              </value>
            </param>
          </params>
          <reporter-output>
          </reporter-output>
        </test-method> <!-- Logger -->
        <test-method status="PASS" signature="attachScreenShot(org.testng.ITestResult)[pri:0, instance:tests.FAQTest@75329a49]" name="attachScreenShot" is-config="true" duration-ms="0" started-at="2021-07-04T12:26:37Z" finished-at="2021-07-04T12:26:37Z">
          <params>
            <param index="0">
              <value>
                <![CDATA[[TestResult name=FaqPageTest status=SUCCESS method=FAQTest.FaqPageTest()[pri:0, instance:tests.FAQTest@75329a49] output={null}]]]>
              </value>
            </param>
          </params>
          <reporter-output>
          </reporter-output>
        </test-method> <!-- attachScreenShot -->
        <test-method status="PASS" signature="closeBrowser()[pri:0, instance:tests.FAQTest@75329a49]" name="closeBrowser" is-config="true" duration-ms="1164" started-at="2021-07-04T12:26:37Z" finished-at="2021-07-04T12:26:38Z">
          <reporter-output>
          </reporter-output>
        </test-method> <!-- closeBrowser -->
      </class> <!-- tests.FAQTest -->
      <class name="tests.RPoolAppDownloadTest">
        <test-method status="PASS" signature="intializeWebdriver()[pri:0, instance:tests.RPoolAppDownloadTest@4313f5bc]" name="intializeWebdriver" is-config="true" duration-ms="1407" started-at="2021-07-04T12:26:52Z" finished-at="2021-07-04T12:26:53Z">
          <reporter-output>
          </reporter-output>
        </test-method> <!-- intializeWebdriver -->
        <test-method status="PASS" signature="openBrowser()[pri:0, instance:tests.RPoolAppDownloadTest@4313f5bc]" name="openBrowser" is-config="true" duration-ms="2803" started-at="2021-07-04T12:26:53Z" finished-at="2021-07-04T12:26:56Z">
          <reporter-output>
          </reporter-output>
        </test-method> <!-- openBrowser -->
        <test-method status="PASS" signature="androidAppLink()[pri:0, instance:tests.RPoolAppDownloadTest@4313f5bc]" name="androidAppLink" duration-ms="5343" started-at="2021-07-04T12:26:56Z" finished-at="2021-07-04T12:27:01Z">
          <reporter-output>
          </reporter-output>
        </test-method> <!-- androidAppLink -->
        <test-method status="PASS" signature="attachScreenShot(org.testng.ITestResult)[pri:0, instance:tests.RPoolAppDownloadTest@4313f5bc]" name="attachScreenShot" is-config="true" duration-ms="1" started-at="2021-07-04T12:27:01Z" finished-at="2021-07-04T12:27:01Z">
          <params>
            <param index="0">
              <value>
                <![CDATA[[TestResult name=androidAppLink status=SUCCESS method=RPoolAppDownloadTest.androidAppLink()[pri:0, instance:tests.RPoolAppDownloadTest@4313f5bc] output={null}]]]>
              </value>
            </param>
          </params>
          <reporter-output>
          </reporter-output>
        </test-method> <!-- attachScreenShot -->
        <test-method status="PASS" signature="Logger(org.testng.ITestResult)[pri:0, instance:tests.RPoolAppDownloadTest@4313f5bc]" name="Logger" is-config="true" duration-ms="0" started-at="2021-07-04T12:27:01Z" finished-at="2021-07-04T12:27:01Z">
          <params>
            <param index="0">
              <value>
                <![CDATA[[TestResult name=androidAppLink status=SUCCESS method=RPoolAppDownloadTest.androidAppLink()[pri:0, instance:tests.RPoolAppDownloadTest@4313f5bc] output={null}]]]>
              </value>
            </param>
          </params>
          <reporter-output>
          </reporter-output>
        </test-method> <!-- Logger -->
        <test-method status="PASS" signature="closeBrowser()[pri:0, instance:tests.RPoolAppDownloadTest@4313f5bc]" name="closeBrowser" is-config="true" duration-ms="1102" started-at="2021-07-04T12:27:01Z" finished-at="2021-07-04T12:27:03Z">
          <reporter-output>
          </reporter-output>
        </test-method> <!-- closeBrowser -->
        <test-method status="PASS" signature="intializeWebdriver()[pri:0, instance:tests.RPoolAppDownloadTest@4313f5bc]" name="intializeWebdriver" is-config="true" duration-ms="1403" started-at="2021-07-04T12:27:03Z" finished-at="2021-07-04T12:27:04Z">
          <reporter-output>
          </reporter-output>
        </test-method> <!-- intializeWebdriver -->
        <test-method status="PASS" signature="openBrowser()[pri:0, instance:tests.RPoolAppDownloadTest@4313f5bc]" name="openBrowser" is-config="true" duration-ms="3054" started-at="2021-07-04T12:27:04Z" finished-at="2021-07-04T12:27:07Z">
          <reporter-output>
          </reporter-output>
        </test-method> <!-- openBrowser -->
        <test-method status="PASS" signature="iosAppLink()[pri:0, instance:tests.RPoolAppDownloadTest@4313f5bc]" name="iosAppLink" duration-ms="5361" started-at="2021-07-04T12:27:07Z" finished-at="2021-07-04T12:27:12Z">
          <reporter-output>
          </reporter-output>
        </test-method> <!-- iosAppLink -->
        <test-method status="PASS" signature="Logger(org.testng.ITestResult)[pri:0, instance:tests.RPoolAppDownloadTest@4313f5bc]" name="Logger" is-config="true" duration-ms="1" started-at="2021-07-04T12:27:12Z" finished-at="2021-07-04T12:27:12Z">
          <params>
            <param index="0">
              <value>
                <![CDATA[[TestResult name=iosAppLink status=SUCCESS method=RPoolAppDownloadTest.iosAppLink()[pri:0, instance:tests.RPoolAppDownloadTest@4313f5bc] output={null}]]]>
              </value>
            </param>
          </params>
          <reporter-output>
          </reporter-output>
        </test-method> <!-- Logger -->
        <test-method status="PASS" signature="closeBrowser()[pri:0, instance:tests.RPoolAppDownloadTest@4313f5bc]" name="closeBrowser" is-config="true" duration-ms="824" started-at="2021-07-04T12:27:12Z" finished-at="2021-07-04T12:27:13Z">
          <reporter-output>
          </reporter-output>
        </test-method> <!-- closeBrowser -->
        <test-method status="PASS" signature="attachScreenShot(org.testng.ITestResult)[pri:0, instance:tests.RPoolAppDownloadTest@4313f5bc]" name="attachScreenShot" is-config="true" duration-ms="0" started-at="2021-07-04T12:27:12Z" finished-at="2021-07-04T12:27:12Z">
          <params>
            <param index="0">
              <value>
                <![CDATA[[TestResult name=iosAppLink status=SUCCESS method=RPoolAppDownloadTest.iosAppLink()[pri:0, instance:tests.RPoolAppDownloadTest@4313f5bc] output={null}]]]>
              </value>
            </param>
          </params>
          <reporter-output>
          </reporter-output>
        </test-method> <!-- attachScreenShot -->
      </class> <!-- tests.RPoolAppDownloadTest -->
      <class name="tests.CareerPageTest">
        <test-method status="PASS" signature="intializeWebdriver()[pri:0, instance:tests.CareerPageTest@1e802ef9]" name="intializeWebdriver" is-config="true" duration-ms="1468" started-at="2021-07-04T12:27:28Z" finished-at="2021-07-04T12:27:30Z">
          <reporter-output>
          </reporter-output>
        </test-method> <!-- intializeWebdriver -->
        <test-method status="PASS" signature="openBrowser()[pri:0, instance:tests.CareerPageTest@1e802ef9]" name="openBrowser" is-config="true" duration-ms="2912" started-at="2021-07-04T12:27:30Z" finished-at="2021-07-04T12:27:33Z">
          <reporter-output>
          </reporter-output>
        </test-method> <!-- openBrowser -->
        <test-method status="PASS" signature="careerHiristLink()[pri:0, instance:tests.CareerPageTest@1e802ef9]" name="careerHiristLink" duration-ms="6926" started-at="2021-07-04T12:27:33Z" finished-at="2021-07-04T12:27:40Z">
          <reporter-output>
          </reporter-output>
        </test-method> <!-- careerHiristLink -->
        <test-method status="PASS" signature="Logger(org.testng.ITestResult)[pri:0, instance:tests.CareerPageTest@1e802ef9]" name="Logger" is-config="true" duration-ms="1" started-at="2021-07-04T12:27:40Z" finished-at="2021-07-04T12:27:40Z">
          <params>
            <param index="0">
              <value>
                <![CDATA[[TestResult name=careerHiristLink status=SUCCESS method=CareerPageTest.careerHiristLink()[pri:0, instance:tests.CareerPageTest@1e802ef9] output={null}]]]>
              </value>
            </param>
          </params>
          <reporter-output>
          </reporter-output>
        </test-method> <!-- Logger -->
        <test-method status="PASS" signature="attachScreenShot(org.testng.ITestResult)[pri:0, instance:tests.CareerPageTest@1e802ef9]" name="attachScreenShot" is-config="true" duration-ms="1" started-at="2021-07-04T12:27:40Z" finished-at="2021-07-04T12:27:40Z">
          <params>
            <param index="0">
              <value>
                <![CDATA[[TestResult name=careerHiristLink status=SUCCESS method=CareerPageTest.careerHiristLink()[pri:0, instance:tests.CareerPageTest@1e802ef9] output={null}]]]>
              </value>
            </param>
          </params>
          <reporter-output>
          </reporter-output>
        </test-method> <!-- attachScreenShot -->
        <test-method status="PASS" signature="closeBrowser()[pri:0, instance:tests.CareerPageTest@1e802ef9]" name="closeBrowser" is-config="true" duration-ms="1362" started-at="2021-07-04T12:27:40Z" finished-at="2021-07-04T12:27:41Z">
          <reporter-output>
          </reporter-output>
        </test-method> <!-- closeBrowser -->
        <test-method status="PASS" signature="intializeWebdriver()[pri:0, instance:tests.CareerPageTest@1e802ef9]" name="intializeWebdriver" is-config="true" duration-ms="1401" started-at="2021-07-04T12:27:41Z" finished-at="2021-07-04T12:27:42Z">
          <reporter-output>
          </reporter-output>
        </test-method> <!-- intializeWebdriver -->
        <test-method status="PASS" signature="openBrowser()[pri:0, instance:tests.CareerPageTest@1e802ef9]" name="openBrowser" is-config="true" duration-ms="2667" started-at="2021-07-04T12:27:42Z" finished-at="2021-07-04T12:27:45Z">
          <reporter-output>
          </reporter-output>
        </test-method> <!-- openBrowser -->
        <test-method status="PASS" signature="careerLinkedIn()[pri:0, instance:tests.CareerPageTest@1e802ef9]" name="careerLinkedIn" duration-ms="4058" started-at="2021-07-04T12:27:45Z" finished-at="2021-07-04T12:27:49Z">
          <reporter-output>
          </reporter-output>
        </test-method> <!-- careerLinkedIn -->
        <test-method status="PASS" signature="Logger(org.testng.ITestResult)[pri:0, instance:tests.CareerPageTest@1e802ef9]" name="Logger" is-config="true" duration-ms="1" started-at="2021-07-04T12:27:49Z" finished-at="2021-07-04T12:27:49Z">
          <params>
            <param index="0">
              <value>
                <![CDATA[[TestResult name=careerLinkedIn status=SUCCESS method=CareerPageTest.careerLinkedIn()[pri:0, instance:tests.CareerPageTest@1e802ef9] output={null}]]]>
              </value>
            </param>
          </params>
          <reporter-output>
          </reporter-output>
        </test-method> <!-- Logger -->
        <test-method status="PASS" signature="attachScreenShot(org.testng.ITestResult)[pri:0, instance:tests.CareerPageTest@1e802ef9]" name="attachScreenShot" is-config="true" duration-ms="0" started-at="2021-07-04T12:27:49Z" finished-at="2021-07-04T12:27:49Z">
          <params>
            <param index="0">
              <value>
                <![CDATA[[TestResult name=careerLinkedIn status=SUCCESS method=CareerPageTest.careerLinkedIn()[pri:0, instance:tests.CareerPageTest@1e802ef9] output={null}]]]>
              </value>
            </param>
          </params>
          <reporter-output>
          </reporter-output>
        </test-method> <!-- attachScreenShot -->
        <test-method status="PASS" signature="closeBrowser()[pri:0, instance:tests.CareerPageTest@1e802ef9]" name="closeBrowser" is-config="true" duration-ms="1801" started-at="2021-07-04T12:27:49Z" finished-at="2021-07-04T12:27:51Z">
          <reporter-output>
          </reporter-output>
        </test-method> <!-- closeBrowser -->
      </class> <!-- tests.CareerPageTest -->
    </test> <!-- Test -->
  </suite> <!-- Suite -->
</testng-results>
