<?xml version="1.0" encoding="UTF-8"?>
<testsuite xmlns:xsi="http://www.w3.org/2001/XMLSchema-instance" xsi:noNamespaceSchemaLocation="https://maven.apache.org/surefire/maven-surefire-plugin/xsd/surefire-test-report.xsd" name="TestSuite" time="610.551" tests="26" errors="0" skipped="0" failures="0">
  <properties>
[...]
</properties>
  <testcase name="ColombiaSite" classname="tests.GlobalSitesTest" time="6.439"/>
  <testcase name="SingaporeSite" classname="tests.GlobalSitesTest" time="5.351"/>
  <testcase name="privacyLink" classname="tests.PrivacyLinkTest" time="4.904"/>
  <testcase name="FaqPage" classname="tests.FAQTest" time="5.886"/>
  <testcase name="InvalidMobileAppLink" classname="tests.AppLinkMobileTest" time="1.794"/>
  <testcase name="ValidMobileAppLink" classname="tests.AppLinkMobileTest" time="1.173"/>
  <testcase name="androidAppLink" classname="tests.RPoolAppDownloadTest" time="16.95"/>
  <testcase name="iosAppLink" classname="tests.RPoolAppDownloadTest" time="7.735"/>
  <testcase name="InvalidLogin" classname="tests.LoginTest" time="5.925"/>
  <testcase name="ValidLogin" classname="tests.LoginTest" time="6.952"/>
  <testcase name="careerHiristLink" classname="tests.CareerPageTest" time="17.54"/>
  <testcase name="careerLinkedIn" classname="tests.CareerPageTest" time="9.926"/>
  <testcase name="busTicketPageMenu" classname="tests.HomePageSearchTest" time="18.567"/>
  <testcase name="homePageSearch" classname="tests.HomePageSearchTest" time="8.805"/>
  <testcase name="modifySearch" classname="tests.HomePageSearchTest" time="19.6"/>
  <testcase name="ContactUsPhone" classname="tests.ContactUsTest" time="5.087"/>
  <testcase name="ContactUsSupport" classname="tests.ContactUsTest" time="13.47"/>
  <testcase name="InvalidAgentRegistration" classname="tests.AgentRegistrationTest" time="21.343"/>
  <testcase name="InvalidCancelTicket" classname="tests.ManageBookingTest" time="2.419"/>
  <testcase name="InvalidEmailSms" classname="tests.ManageBookingTest" time="4.908"/>
  <testcase name="InvalidShowMyTicket" classname="tests.ManageBookingTest" time="8.219"/>
  <testcase name="InvalidchangeTravelDate" classname="tests.ManageBookingTest" time="3.664"/>
  <testcase name="OperatorSearchBus" classname="tests.OperatorSearch" time="18.042"/>
  <testcase name="OperatorSearchBusDifferentName" classname="tests.OperatorSearch" time="28.145"/>
  <testcase name="fbCheck" classname="tests.SocialMediaTest" time="9.783"/>
  <testcase name="twitterCheck" classname="tests.SocialMediaTest" time="19.12"/>
</testsuite>