<?xml version="1.0" encoding="UTF-8"?>
<testng-results ignored="1" total="2" passed="1" failed="0" skipped="0">
  <reporter-output>
  </reporter-output>
  <suite started-at="2021-07-04T12:23:59Z" name="Default suite" finished-at="2021-07-04T12:24:07Z" duration-ms="7942">
    <groups>
      <group name="login">
        <method signature="LoginTest.ValidLogin()[pri:0, instance:tests.LoginTest@6b88ca8c]" name="ValidLogin" class="tests.LoginTest"/>
      </group> <!-- login -->
    </groups>
    <test started-at="2021-07-04T12:23:59Z" name="Default test" finished-at="2021-07-04T12:24:07Z" duration-ms="7942">
      <class name="tests.LoginTest">
        <test-method is-config="true" signature="setExtent()[pri:0, instance:tests.LoginTest@6b88ca8c]" started-at="2021-07-04T12:23:59Z" name="setExtent" finished-at="2021-07-04T12:23:59Z" duration-ms="100" status="PASS">
          <reporter-output>
          </reporter-output>
        </test-method> <!-- setExtent -->
        <test-method is-config="true" signature="intializeWebdriver()[pri:0, instance:tests.LoginTest@6b88ca8c]" started-at="2021-07-04T12:23:59Z" name="intializeWebdriver" finished-at="2021-07-04T12:24:01Z" duration-ms="1504" status="PASS">
          <reporter-output>
          </reporter-output>
        </test-method> <!-- intializeWebdriver -->
        <test-method is-config="true" signature="openBrowser()[pri:0, instance:tests.LoginTest@6b88ca8c]" started-at="2021-07-04T12:24:01Z" name="openBrowser" finished-at="2021-07-04T12:24:03Z" duration-ms="2546" status="PASS">
          <reporter-output>
          </reporter-output>
        </test-method> <!-- openBrowser -->
        <test-method signature="ValidLogin()[pri:0, instance:tests.LoginTest@6b88ca8c]" started-at="2021-07-04T12:24:03Z" name="ValidLogin" finished-at="2021-07-04T12:24:06Z" duration-ms="3089" status="PASS">
          <reporter-output>
          </reporter-output>
        </test-method> <!-- ValidLogin -->
        <test-method is-config="true" signature="Logger(org.testng.ITestResult)[pri:0, instance:tests.LoginTest@6b88ca8c]" started-at="2021-07-04T12:24:06Z" name="Logger" finished-at="2021-07-04T12:24:06Z" duration-ms="4" status="PASS">
          <params>
            <param index="0">
              <value>
                <![CDATA[[TestResult name=ValidLogin status=SUCCESS method=LoginTest.ValidLogin()[pri:0, instance:tests.LoginTest@6b88ca8c] output={null}]]]>
              </value>
            </param>
          </params>
          <reporter-output>
          </reporter-output>
        </test-method> <!-- Logger -->
        <test-method is-config="true" signature="attachScreenShot(org.testng.ITestResult)[pri:0, instance:tests.LoginTest@6b88ca8c]" started-at="2021-07-04T12:24:06Z" name="attachScreenShot" finished-at="2021-07-04T12:24:06Z" duration-ms="4" status="PASS">
          <params>
            <param index="0">
              <value>
                <![CDATA[[TestResult name=ValidLogin status=SUCCESS method=LoginTest.ValidLogin()[pri:0, instance:tests.LoginTest@6b88ca8c] output={null}]]]>
              </value>
            </param>
          </params>
          <reporter-output>
          </reporter-output>
        </test-method> <!-- attachScreenShot -->
        <test-method is-config="true" signature="closeBrowser()[pri:0, instance:tests.LoginTest@6b88ca8c]" started-at="2021-07-04T12:24:06Z" name="closeBrowser" finished-at="2021-07-04T12:24:07Z" duration-ms="772" status="PASS">
          <reporter-output>
          </reporter-output>
        </test-method> <!-- closeBrowser -->
        <test-method is-config="true" signature="endReport()[pri:0, instance:tests.LoginTest@6b88ca8c]" started-at="2021-07-04T12:24:07Z" name="endReport" finished-at="2021-07-04T12:24:07Z" duration-ms="402" status="PASS">
          <reporter-output>
          </reporter-output>
        </test-method> <!-- endReport -->
      </class> <!-- tests.LoginTest -->
    </test> <!-- Default test -->
  </suite> <!-- Default suite -->
</testng-results>
