<?xml version="1.0" encoding="UTF-8"?>
<testng-results ignored="0" total="1" passed="1" failed="0" skipped="0">
  <reporter-output>
  </reporter-output>
  <suite started-at="2021-07-02T19:03:03Z" name="Default suite" finished-at="2021-07-02T19:03:31Z" duration-ms="28346">
    <groups>
      <group name="agent">
        <method signature="AgentRegistrationTest.InvalidAgentRegistrationTest()[pri:0, instance:tests.AgentRegistrationTest@1a20270e]" name="InvalidAgentRegistrationTest" class="tests.AgentRegistrationTest"/>
      </group> <!-- agent -->
    </groups>
    <test started-at="2021-07-02T19:03:03Z" name="Default test" finished-at="2021-07-02T19:03:31Z" duration-ms="28346">
      <class name="tests.AgentRegistrationTest">
        <test-method is-config="true" signature="setExtent()[pri:0, instance:tests.AgentRegistrationTest@1a20270e]" started-at="2021-07-02T19:03:02Z" name="setExtent" finished-at="2021-07-02T19:03:03Z" duration-ms="301" status="PASS">
          <reporter-output>
          </reporter-output>
        </test-method> <!-- setExtent -->
        <test-method is-config="true" signature="intializeWebdriver()[pri:0, instance:tests.AgentRegistrationTest@1a20270e]" started-at="2021-07-02T19:03:03Z" name="intializeWebdriver" finished-at="2021-07-02T19:03:05Z" duration-ms="2529" status="PASS">
          <reporter-output>
          </reporter-output>
        </test-method> <!-- intializeWebdriver -->
        <test-method is-config="true" signature="openBrowser()[pri:0, instance:tests.AgentRegistrationTest@1a20270e]" started-at="2021-07-02T19:03:05Z" name="openBrowser" finished-at="2021-07-02T19:03:09Z" duration-ms="4324" status="PASS">
          <reporter-output>
          </reporter-output>
        </test-method> <!-- openBrowser -->
        <test-method signature="InvalidAgentRegistrationTest()[pri:0, instance:tests.AgentRegistrationTest@1a20270e]" started-at="2021-07-02T19:03:09Z" name="InvalidAgentRegistrationTest" finished-at="2021-07-02T19:03:30Z" duration-ms="20652" status="PASS">
          <reporter-output>
          </reporter-output>
        </test-method> <!-- InvalidAgentRegistrationTest -->
        <test-method is-config="true" signature="Logger(org.testng.ITestResult)[pri:0, instance:tests.AgentRegistrationTest@1a20270e]" started-at="2021-07-02T19:03:30Z" name="Logger" finished-at="2021-07-02T19:03:30Z" duration-ms="3" status="PASS">
          <params>
            <param index="0">
              <value>
                <![CDATA[[TestResult name=InvalidAgentRegistrationTest status=SUCCESS method=AgentRegistrationTest.InvalidAgentRegistrationTest()[pri:0, instance:tests.AgentRegistrationTest@1a20270e] output={null}]]]>
              </value>
            </param>
          </params>
          <reporter-output>
          </reporter-output>
        </test-method> <!-- Logger -->
        <test-method is-config="true" signature="attachScreenShot(org.testng.ITestResult)[pri:0, instance:tests.AgentRegistrationTest@1a20270e]" started-at="2021-07-02T19:03:30Z" name="attachScreenShot" finished-at="2021-07-02T19:03:30Z" duration-ms="2" status="PASS">
          <params>
            <param index="0">
              <value>
                <![CDATA[[TestResult name=InvalidAgentRegistrationTest status=SUCCESS method=AgentRegistrationTest.InvalidAgentRegistrationTest()[pri:0, instance:tests.AgentRegistrationTest@1a20270e] output={null}]]]>
              </value>
            </param>
          </params>
          <reporter-output>
          </reporter-output>
        </test-method> <!-- attachScreenShot -->
        <test-method is-config="true" signature="closeBrowser()[pri:0, instance:tests.AgentRegistrationTest@1a20270e]" started-at="2021-07-02T19:03:30Z" name="closeBrowser" finished-at="2021-07-02T19:03:31Z" duration-ms="798" status="PASS">
          <reporter-output>
          </reporter-output>
        </test-method> <!-- closeBrowser -->
        <test-method is-config="true" signature="endReport()[pri:0, instance:tests.AgentRegistrationTest@1a20270e]" started-at="2021-07-02T19:03:31Z" name="endReport" finished-at="2021-07-02T19:03:31Z" duration-ms="328" status="PASS">
          <reporter-output>
          </reporter-output>
        </test-method> <!-- endReport -->
      </class> <!-- tests.AgentRegistrationTest -->
    </test> <!-- Default test -->
  </suite> <!-- Default suite -->
</testng-results>
